2.6360 	WARNING 	We strongly recommend you activate the PTB sound engine in PsychoPy prefs as the preferred audio engine. Its timing is vastly superior. Your prefs are currently set to use ['sounddevice', 'PTB', 'pyo', 'pygame'] (in that order).
14.1242 	WARNING 	User requested fullscreen with size [1024  768], but screen is actually [1600, 900]. Using actual size
15.8036 	EXP 	Created window1 = Window(allowGUI=False, allowStencil=False, args=UNKNOWN, autoLog=True, bitsMode=UNKNOWN, blendMode='avg', bpc=(8, 8, 8), color=array([0., 0., 0.]), colorSpace='rgb', depthBits=8, fullscr=<method-wrapper '__getattribute__' of attributeSetter object at 0x000001F0BF6CAE80>, gamma=None, gammaErrorPolicy='raise', kwargs=UNKNOWN, lms=UNKNOWN, monitor=<psychopy.monitors.calibTools.Monitor object at 0x000001F0BF33DE80>, multiSample=False, name='window1', numSamples=2, pos=[0.0, 0.0], screen=0, size=array([1600,  900]), stencilBits=0, stereo=False, units='height', useFBO=True, useRetina=False, viewOri=0.0, viewPos=None, viewScale=None, waitBlanking=True, winType='pyglet')
15.8037 	EXP 	window1: recordFrameIntervals = False
15.9677 	EXP 	window1: recordFrameIntervals = True
16.1512 	EXP 	window1: recordFrameIntervals = False
16.5902 	EXP 	Created introduction = TextStim(__class__=<class 'psychopy.visual.text.TextStim'>, alignHoriz=method-wrapper(...), alignText='center', alignVert=method-wrapper(...), anchorHoriz='center', anchorVert='center', antialias=True, autoLog=True, bold=False, color='white', colorSpace='named', contrast=1.0, depth=0.0, flipHoriz=False, flipVert=False, font='Arial', fontFiles=[], height=0.1, italic=False, languageStyle='LTR', name='introduction', opacity=1.0, ori=0, pos=array([0., 0.]), rgb=array([255., 255., 255.]), text=str(...), units='height', win=Window(...), wrapWidth=1)
16.6291 	EXP 	introduction: autoDraw = True
19.4056 	DATA 	Keypress: k
20.0217 	DATA 	Keypress: j
20.4357 	DATA 	Keypress: m
20.7199 	DATA 	Keypress: l
20.9868 	DATA 	Keypress: p
21.1187 	DATA 	Keypress: p
21.3019 	DATA 	Keypress: o
21.5024 	DATA 	Keypress: o
21.6690 	DATA 	Keypress: o
21.9194 	DATA 	Keypress: o
22.0039 	DATA 	Keypress: p
22.2687 	DATA 	Keypress: p
22.4697 	DATA 	Keypress: j
22.8520 	DATA 	Keypress: o
22.9185 	DATA 	Keypress: p
23.3226 	DATA 	Keypress: space
23.5366 	DATA 	Keypress: space
23.7019 	DATA 	Keypress: space
24.0366 	DATA 	Keypress: escape
24.3544 	EXP 	window1: mouseVisible = True
