1.5766 	WARNING 	We strongly recommend you activate the PTB sound engine in PsychoPy prefs as the preferred audio engine. Its timing is vastly superior. Your prefs are currently set to use ['sounddevice', 'PTB', 'pyo', 'pygame'] (in that order).
10.5625 	EXP 	Created window1 = Window(allowGUI=False, allowStencil=False, args=UNKNOWN, autoLog=True, bitsMode=UNKNOWN, blendMode='avg', bpc=(8, 8, 8), color=array([0., 0., 0.]), colorSpace='rgb', depthBits=8, fullscr=<method-wrapper '__getattribute__' of attributeSetter object at 0x00000116291C0BE0>, gamma=None, gammaErrorPolicy='raise', kwargs=UNKNOWN, lms=UNKNOWN, monitor=<psychopy.monitors.calibTools.Monitor object at 0x00000116290CEC18>, multiSample=False, name='window1', numSamples=2, pos=[0.0, 0.0], screen=0, size=array([1600,  900]), stencilBits=0, stereo=False, units='height', useFBO=True, useRetina=False, viewOri=0.0, viewPos=None, viewScale=None, waitBlanking=True, winType='pyglet')
10.5626 	EXP 	window1: recordFrameIntervals = False
10.7276 	EXP 	window1: recordFrameIntervals = True
10.9111 	EXP 	window1: recordFrameIntervals = False
11.2994 	EXP 	Created intro_text = TextStim(__class__=<class 'psychopy.visual.text.TextStim'>, alignHoriz=method-wrapper(...), alignText='center', alignVert=method-wrapper(...), anchorHoriz='center', anchorVert='center', antialias=True, autoLog=True, bold=False, color='white', colorSpace='named', contrast=1.0, depth=0.0, flipHoriz=False, flipVert=False, font='Arial', fontFiles=[], height=0.1, italic=False, languageStyle='LTR', name='intro_text', opacity=1.0, ori=0, pos=array([0., 0.]), rgb=array([255., 255., 255.]), text=str(...), units='height', win=Window(...), wrapWidth=1)
11.3029 	EXP 	Created fixation_cross = ShapeStim(__class__=<class 'psychopy.visual.shape.ShapeStim'>, autoDraw=False, autoLog=True, closeShape=True, contrast=1.0, depth=-1.0, fillColor=array([1., 1., 1.]), fillColorSpace='rgb', interpolate=True, lineColor=array([1., 1., 1.]), lineColorSpace='rgb', lineWidth=0.0001, name='fixation_cross', opacity=1.0, ori=array(0.), pos=array([0., 0.]), size=array([0.04, 0.04]), units='height', vertices=ndarray(...), win=Window(...), windingRule=None)
11.3058 	EXP 	Created pos_image = ImageStim(__class__=<class 'psychopy.visual.image.ImageStim'>, autoLog=True, color=array([1., 1., 1.]), colorSpace='rgb', contrast=1.0, depth=-2.0, flipHoriz=False, flipVert=False, image='sin', interpolate=True, mask=None, maskParams=None, name='pos_image', opacity=1.0, ori=0.0, pos=array([0., 0.]), size=array([0.5, 0.5]), texRes=128, units='height', win=Window(...))
11.3283 	EXP 	Created text = TextStim(__class__=<class 'psychopy.visual.text.TextStim'>, alignHoriz=method-wrapper(...), alignText='center', alignVert=method-wrapper(...), anchorHoriz='center', anchorVert='center', antialias=True, autoLog=True, bold=False, color='white', colorSpace='named', contrast=1.0, depth=0.0, flipHoriz=False, flipVert=False, font='Arial', fontFiles=[], height=0.1, italic=False, languageStyle='LTR', name='text', opacity=1.0, ori=0, pos=array([0., 0.]), rgb=array([255., 255., 255.]), text='WE WERE ON A BREAK!', units='height', win=Window(...), wrapWidth=1)
11.3307 	EXP 	Created fixation_cross_2 = ShapeStim(__class__=<class 'psychopy.visual.shape.ShapeStim'>, autoDraw=False, autoLog=True, closeShape=True, contrast=1.0, depth=-1.0, fillColor=array([1., 1., 1.]), fillColorSpace='rgb', interpolate=True, lineColor=array([1., 1., 1.]), lineColorSpace='rgb', lineWidth=0.0001, name='fixation_cross_2', opacity=1.0, ori=array(0.), pos=array([0., 0.]), size=array([0.04, 0.04]), units='height', vertices=ndarray(...), win=Window(...), windingRule=None)
11.3332 	EXP 	Created pos_image_2 = ImageStim(__class__=<class 'psychopy.visual.image.ImageStim'>, autoLog=True, color=array([1., 1., 1.]), colorSpace='rgb', contrast=1.0, depth=-2.0, flipHoriz=False, flipVert=False, image='sin', interpolate=True, mask=None, maskParams=None, name='pos_image_2', opacity=1.0, ori=0.0, pos=array([0., 0.]), size=array([0.5, 0.5]), texRes=128, units='height', win=Window(...))
11.3655 	EXP 	Created text_2 = TextStim(__class__=<class 'psychopy.visual.text.TextStim'>, alignHoriz=method-wrapper(...), alignText='center', alignVert=method-wrapper(...), anchorHoriz='center', anchorVert='center', antialias=True, autoLog=True, bold=False, color='white', colorSpace='named', contrast=1.0, depth=0.0, flipHoriz=False, flipVert=False, font='Arial', fontFiles=[], height=0.1, italic=False, languageStyle='LTR', name='text_2', opacity=1.0, ori=0, pos=array([0., 0.]), rgb=array([255., 255., 255.]), text=str(...), units='height', win=Window(...), wrapWidth=1)
11.4023 	EXP 	intro_text: autoDraw = True
12.0070 	EXP 	Imported B.xlsx as conditions, 3 conditions, 1 params
12.0073 	EXP 	Created sequence: random, trialTypes=3, nReps=1, seed=None
12.0076 	EXP 	New trial (rep=0, index=0): OrderedDict([('image', 'D:\\Documents\\MSc\\sleepysleepy\\programming_group\\priming-session\\stimuli\\primes_neg\\image_1.jpg')])
12.1530 	DATA 	Keypress: s
12.1623 	EXP 	intro_text: autoDraw = False
12.1623 	EXP 	pos_image: size = array([2.84444444, 1.77777778])
12.1623 	EXP 	pos_image: image = 'D:\\Documents\\MSc\\sleepysleepy\\programming_group\\priming-session\\stimuli\\primes_neg\\image_1.jpg'
12.1623 	EXP 	fixation_cross: autoDraw = True
13.6544 	EXP 	pos_image: autoDraw = True
13.6704 	EXP 	fixation_cross: autoDraw = False
24.9715 	EXP 	New trial (rep=0, index=1): OrderedDict([('image', 'D:\\Documents\\MSc\\sleepysleepy\\programming_group\\priming-session\\stimuli\\primes_neg\\image_2.jpg')])
25.1020 	EXP 	fixation_cross: autoDraw = False
25.1020 	EXP 	pos_image: autoDraw = False
25.1020 	EXP 	pos_image: size = array([2.84444444, 1.77777778])
25.1020 	EXP 	pos_image: image = 'D:\\Documents\\MSc\\sleepysleepy\\programming_group\\priming-session\\stimuli\\primes_neg\\image_2.jpg'
25.1020 	EXP 	fixation_cross: autoDraw = True
26.5977 	EXP 	pos_image: autoDraw = True
26.6204 	EXP 	fixation_cross: autoDraw = False
37.9843 	EXP 	New trial (rep=0, index=2): OrderedDict([('image', 'D:\\Documents\\MSc\\sleepysleepy\\programming_group\\priming-session\\stimuli\\primes_neg\\image_3.jpg')])
38.1745 	EXP 	fixation_cross: autoDraw = False
38.1745 	EXP 	pos_image: autoDraw = False
38.1745 	EXP 	pos_image: size = array([2.84444444, 1.77777778])
38.1745 	EXP 	pos_image: image = 'D:\\Documents\\MSc\\sleepysleepy\\programming_group\\priming-session\\stimuli\\primes_neg\\image_3.jpg'
38.1745 	EXP 	fixation_cross: autoDraw = True
39.6771 	EXP 	pos_image: autoDraw = True
39.6959 	EXP 	fixation_cross: autoDraw = False
50.9956 	EXP 	fixation_cross: autoDraw = False
50.9956 	EXP 	pos_image: autoDraw = False
50.9956 	EXP 	text: autoDraw = True
54.2600 	DATA 	Keypress: k
54.2913 	EXP 	Imported A.xlsx as conditions, 3 conditions, 1 params
54.2919 	EXP 	Created sequence: random, trialTypes=3, nReps=1, seed=None
54.2924 	EXP 	New trial (rep=0, index=0): OrderedDict([('image', 'D:\\Documents\\MSc\\sleepysleepy\\programming_group\\priming-session\\stimuli\\primes_pos\\image_1.jpg')])
54.5203 	EXP 	text: autoDraw = False
54.5203 	EXP 	pos_image_2: size = array([2.84444444, 1.77777778])
54.5203 	EXP 	pos_image_2: image = 'D:\\Documents\\MSc\\sleepysleepy\\programming_group\\priming-session\\stimuli\\primes_pos\\image_1.jpg'
54.5203 	EXP 	fixation_cross_2: autoDraw = True
56.0152 	EXP 	pos_image_2: autoDraw = True
56.0334 	EXP 	fixation_cross_2: autoDraw = False
67.2934 	EXP 	New trial (rep=0, index=1): OrderedDict([('image', 'D:\\Documents\\MSc\\sleepysleepy\\programming_group\\priming-session\\stimuli\\primes_pos\\image_2.jpg')])
67.5322 	EXP 	fixation_cross_2: autoDraw = False
67.5322 	EXP 	pos_image_2: autoDraw = False
67.5322 	EXP 	pos_image_2: size = array([2.84444444, 1.77777778])
67.5322 	EXP 	pos_image_2: image = 'D:\\Documents\\MSc\\sleepysleepy\\programming_group\\priming-session\\stimuli\\primes_pos\\image_2.jpg'
67.5322 	EXP 	fixation_cross_2: autoDraw = True
69.0400 	EXP 	fixation_cross_2: autoDraw = False
69.0400 	EXP 	pos_image_2: autoDraw = True
80.2825 	EXP 	New trial (rep=0, index=2): OrderedDict([('image', 'D:\\Documents\\MSc\\sleepysleepy\\programming_group\\priming-session\\stimuli\\primes_pos\\image_3.jpg')])
80.4728 	EXP 	fixation_cross_2: autoDraw = False
80.4728 	EXP 	pos_image_2: autoDraw = False
80.4728 	EXP 	pos_image_2: size = array([2.84444444, 1.77777778])
80.4728 	EXP 	pos_image_2: image = 'D:\\Documents\\MSc\\sleepysleepy\\programming_group\\priming-session\\stimuli\\primes_pos\\image_3.jpg'
80.4728 	EXP 	fixation_cross_2: autoDraw = True
81.9688 	EXP 	pos_image_2: autoDraw = True
81.9929 	EXP 	fixation_cross_2: autoDraw = False
93.3162 	EXP 	fixation_cross_2: autoDraw = False
93.3162 	EXP 	pos_image_2: autoDraw = False
93.3162 	EXP 	text_2: autoDraw = True
98.3557 	DATA 	Keypress: return
98.3647 	EXP 	text_2: autoDraw = False
98.6494 	EXP 	window1: mouseVisible = True
