1.7698 	WARNING 	We strongly recommend you activate the PTB sound engine in PsychoPy prefs as the preferred audio engine. Its timing is vastly superior. Your prefs are currently set to use ['sounddevice', 'PTB', 'pyo', 'pygame'] (in that order).
11.2703 	EXP 	Created window1 = Window(allowGUI=False, allowStencil=False, args=UNKNOWN, autoLog=True, bitsMode=UNKNOWN, blendMode='avg', bpc=(8, 8, 8), color=array([0., 0., 0.]), colorSpace='rgb', depthBits=8, fullscr=<method-wrapper '__getattribute__' of attributeSetter object at 0x00000197425C7CC0>, gamma=None, gammaErrorPolicy='raise', kwargs=UNKNOWN, lms=UNKNOWN, monitor=<psychopy.monitors.calibTools.Monitor object at 0x00000197424CCCC0>, multiSample=False, name='window1', numSamples=2, pos=[0.0, 0.0], screen=0, size=array([1600,  900]), stencilBits=0, stereo=False, units='height', useFBO=True, useRetina=False, viewOri=0.0, viewPos=None, viewScale=None, waitBlanking=True, winType='pyglet')
11.2704 	EXP 	window1: recordFrameIntervals = False
11.4366 	EXP 	window1: recordFrameIntervals = True
11.6200 	EXP 	window1: recordFrameIntervals = False
12.0209 	EXP 	Created intro_text = TextStim(__class__=<class 'psychopy.visual.text.TextStim'>, alignHoriz=method-wrapper(...), alignText='center', alignVert=method-wrapper(...), anchorHoriz='center', anchorVert='center', antialias=True, autoLog=True, bold=False, color='white', colorSpace='named', contrast=1.0, depth=0.0, flipHoriz=False, flipVert=False, font='Arial', fontFiles=[], height=0.1, italic=False, languageStyle='LTR', name='intro_text', opacity=1.0, ori=0, pos=array([0., 0.]), rgb=array([255., 255., 255.]), text=str(...), units='height', win=Window(...), wrapWidth=1)
12.0255 	EXP 	Created fixation_cross = ShapeStim(__class__=<class 'psychopy.visual.shape.ShapeStim'>, autoDraw=False, autoLog=True, closeShape=True, contrast=1.0, depth=-1.0, fillColor=array([1., 1., 1.]), fillColorSpace='rgb', interpolate=True, lineColor=array([1., 1., 1.]), lineColorSpace='rgb', lineWidth=0.0001, name='fixation_cross', opacity=1.0, ori=array(0.), pos=array([0., 0.]), size=array([0.04, 0.04]), units='height', vertices=ndarray(...), win=Window(...), windingRule=None)
12.0295 	EXP 	Created pos_image = ImageStim(__class__=<class 'psychopy.visual.image.ImageStim'>, autoLog=True, color=array([1., 1., 1.]), colorSpace='rgb', contrast=1.0, depth=-2.0, flipHoriz=False, flipVert=False, image='sin', interpolate=True, mask=None, maskParams=None, name='pos_image', opacity=1.0, ori=0.0, pos=array([0., 0.]), size=array([0.5, 0.5]), texRes=128, units='height', win=Window(...))
12.0552 	EXP 	Created text = TextStim(__class__=<class 'psychopy.visual.text.TextStim'>, alignHoriz=method-wrapper(...), alignText='center', alignVert=method-wrapper(...), anchorHoriz='center', anchorVert='center', antialias=True, autoLog=True, bold=False, color='white', colorSpace='named', contrast=1.0, depth=0.0, flipHoriz=False, flipVert=False, font='Arial', fontFiles=[], height=0.1, italic=False, languageStyle='LTR', name='text', opacity=1.0, ori=0, pos=array([0., 0.]), rgb=array([255., 255., 255.]), text=str(...), units='height', win=Window(...), wrapWidth=1)
12.0572 	EXP 	Created fixation_cross_2 = ShapeStim(__class__=<class 'psychopy.visual.shape.ShapeStim'>, autoDraw=False, autoLog=True, closeShape=True, contrast=1.0, depth=-1.0, fillColor=array([1., 1., 1.]), fillColorSpace='rgb', interpolate=True, lineColor=array([1., 1., 1.]), lineColorSpace='rgb', lineWidth=0.0001, name='fixation_cross_2', opacity=1.0, ori=array(0.), pos=array([0., 0.]), size=array([0.04, 0.04]), units='height', vertices=ndarray(...), win=Window(...), windingRule=None)
12.0599 	EXP 	Created pos_image_2 = ImageStim(__class__=<class 'psychopy.visual.image.ImageStim'>, autoLog=True, color=array([1., 1., 1.]), colorSpace='rgb', contrast=1.0, depth=-2.0, flipHoriz=False, flipVert=False, image='sin', interpolate=True, mask=None, maskParams=None, name='pos_image_2', opacity=1.0, ori=0.0, pos=array([0., 0.]), size=array([0.5, 0.5]), texRes=128, units='height', win=Window(...))
12.0844 	EXP 	Created text_2 = TextStim(__class__=<class 'psychopy.visual.text.TextStim'>, alignHoriz=method-wrapper(...), alignText='center', alignVert=method-wrapper(...), anchorHoriz='center', anchorVert='center', antialias=True, autoLog=True, bold=False, color='white', colorSpace='named', contrast=1.0, depth=0.0, flipHoriz=False, flipVert=False, font='Arial', fontFiles=[], height=0.1, italic=False, languageStyle='LTR', name='text_2', opacity=1.0, ori=0, pos=array([0., 0.]), rgb=array([255., 255., 255.]), text=str(...), units='height', win=Window(...), wrapWidth=1)
12.1227 	EXP 	intro_text: autoDraw = True
13.3956 	EXP 	Imported B.xlsx as conditions, 3 conditions, 1 params
13.3959 	EXP 	Created sequence: random, trialTypes=3, nReps=1, seed=None
13.3962 	EXP 	New trial (rep=0, index=0): OrderedDict([('image', 'stimuli\\primes_neg\\image_3.jpg')])
13.5431 	DATA 	Keypress: num_0
13.5517 	EXP 	intro_text: autoDraw = False
13.5517 	EXP 	pos_image: size = array([2.84444444, 1.77777778])
13.5517 	EXP 	pos_image: image = 'stimuli\\primes_neg\\image_3.jpg'
13.5517 	EXP 	fixation_cross: autoDraw = True
15.0479 	EXP 	pos_image: autoDraw = True
15.0646 	EXP 	fixation_cross: autoDraw = False
26.3632 	EXP 	New trial (rep=0, index=1): OrderedDict([('image', 'stimuli\\primes_neg\\image_2.jpg')])
26.4920 	EXP 	fixation_cross: autoDraw = False
26.4920 	EXP 	pos_image: autoDraw = False
26.4920 	EXP 	pos_image: size = array([2.84444444, 1.77777778])
26.4920 	EXP 	pos_image: image = 'stimuli\\primes_neg\\image_2.jpg'
26.4920 	EXP 	fixation_cross: autoDraw = True
27.9711 	EXP 	pos_image: autoDraw = True
28.0073 	EXP 	fixation_cross: autoDraw = False
39.3618 	EXP 	New trial (rep=0, index=2): OrderedDict([('image', 'stimuli\\primes_neg\\image_1.jpg')])
39.5342 	EXP 	fixation_cross: autoDraw = False
39.5342 	EXP 	pos_image: autoDraw = False
39.5342 	EXP 	pos_image: size = array([2.84444444, 1.77777778])
39.5342 	EXP 	pos_image: image = 'stimuli\\primes_neg\\image_1.jpg'
39.5342 	EXP 	fixation_cross: autoDraw = True
41.0352 	EXP 	pos_image: autoDraw = True
41.0592 	EXP 	fixation_cross: autoDraw = False
52.3994 	EXP 	fixation_cross: autoDraw = False
52.3994 	EXP 	pos_image: autoDraw = False
52.3994 	EXP 	text: autoDraw = True
53.6595 	EXP 	Imported A.xlsx as conditions, 3 conditions, 1 params
53.6600 	EXP 	Created sequence: random, trialTypes=3, nReps=1, seed=None
53.6604 	EXP 	New trial (rep=0, index=0): OrderedDict([('image', 'stimuli\\primes_pos\\image_2.jpg')])
53.8784 	DATA 	Keypress: k
53.8873 	EXP 	text: autoDraw = False
53.8873 	EXP 	pos_image_2: size = array([2.84444444, 1.77777778])
53.8873 	EXP 	pos_image_2: image = 'stimuli\\primes_pos\\image_2.jpg'
53.8873 	EXP 	fixation_cross_2: autoDraw = True
55.3744 	EXP 	pos_image_2: autoDraw = True
55.3924 	EXP 	fixation_cross_2: autoDraw = False
66.6477 	EXP 	New trial (rep=0, index=1): OrderedDict([('image', 'stimuli\\primes_pos\\image_1.jpg')])
66.8829 	EXP 	fixation_cross_2: autoDraw = False
66.8829 	EXP 	pos_image_2: autoDraw = False
66.8829 	EXP 	pos_image_2: size = array([2.84444444, 1.77777778])
66.8829 	EXP 	pos_image_2: image = 'stimuli\\primes_pos\\image_1.jpg'
66.8829 	EXP 	fixation_cross_2: autoDraw = True
68.3808 	EXP 	pos_image_2: autoDraw = True
68.4043 	EXP 	fixation_cross_2: autoDraw = False
79.6647 	EXP 	New trial (rep=0, index=2): OrderedDict([('image', 'stimuli\\primes_pos\\image_3.jpg')])
79.8848 	EXP 	fixation_cross_2: autoDraw = False
79.8848 	EXP 	pos_image_2: autoDraw = False
79.8848 	EXP 	pos_image_2: size = array([2.84444444, 1.77777778])
79.8848 	EXP 	pos_image_2: image = 'stimuli\\primes_pos\\image_3.jpg'
79.8848 	EXP 	fixation_cross_2: autoDraw = True
81.3770 	EXP 	pos_image_2: autoDraw = True
81.3970 	EXP 	fixation_cross_2: autoDraw = False
92.6942 	EXP 	fixation_cross_2: autoDraw = False
92.6942 	EXP 	pos_image_2: autoDraw = False
92.6942 	EXP 	text_2: autoDraw = True
108.1514 	DATA 	Keypress: space
108.1831 	EXP 	text_2: autoDraw = False
108.4326 	EXP 	window1: mouseVisible = True
