2.0977 	WARNING 	We strongly recommend you activate the PTB sound engine in PsychoPy prefs as the preferred audio engine. Its timing is vastly superior. Your prefs are currently set to use ['sounddevice', 'PTB', 'pyo', 'pygame'] (in that order).
9.0243 	EXP 	Created window1 = Window(allowGUI=False, allowStencil=False, args=UNKNOWN, autoLog=True, bitsMode=UNKNOWN, blendMode='avg', bpc=(8, 8, 8), color=array([0., 0., 0.]), colorSpace='rgb', depthBits=8, fullscr=<method-wrapper '__getattribute__' of attributeSetter object at 0x000002AEA619CCC0>, gamma=None, gammaErrorPolicy='raise', kwargs=UNKNOWN, lms=UNKNOWN, monitor=<psychopy.monitors.calibTools.Monitor object at 0x000002AEA608DCC0>, multiSample=False, name='window1', numSamples=2, pos=[0.0, 0.0], screen=0, size=array([1600,  900]), stencilBits=0, stereo=False, units='height', useFBO=True, useRetina=False, viewOri=0.0, viewPos=None, viewScale=None, waitBlanking=True, winType='pyglet')
9.0244 	EXP 	window1: recordFrameIntervals = False
9.1896 	EXP 	window1: recordFrameIntervals = True
9.4240 	EXP 	window1: recordFrameIntervals = False
9.8001 	EXP 	Created intro_text = TextStim(__class__=<class 'psychopy.visual.text.TextStim'>, alignHoriz=method-wrapper(...), alignText='center', alignVert=method-wrapper(...), anchorHoriz='center', anchorVert='center', antialias=True, autoLog=True, bold=False, color='white', colorSpace='named', contrast=1.0, depth=0.0, flipHoriz=False, flipVert=False, font='Arial', fontFiles=[], height=0.1, italic=False, languageStyle='LTR', name='intro_text', opacity=1.0, ori=0, pos=array([0., 0.]), rgb=array([255., 255., 255.]), text=str(...), units='height', win=Window(...), wrapWidth=1)
9.8023 	EXP 	Created fixation_cross = ShapeStim(__class__=<class 'psychopy.visual.shape.ShapeStim'>, autoDraw=False, autoLog=True, closeShape=True, contrast=1.0, depth=-1.0, fillColor=array([1., 1., 1.]), fillColorSpace='rgb', interpolate=True, lineColor=array([1., 1., 1.]), lineColorSpace='rgb', lineWidth=0.0001, name='fixation_cross', opacity=1.0, ori=array(0.), pos=array([0., 0.]), size=array([0.04, 0.04]), units='height', vertices=ndarray(...), win=Window(...), windingRule=None)
9.8054 	EXP 	Created pos_image = ImageStim(__class__=<class 'psychopy.visual.image.ImageStim'>, autoLog=True, color=array([1., 1., 1.]), colorSpace='rgb', contrast=1.0, depth=-2.0, flipHoriz=False, flipVert=False, image='sin', interpolate=True, mask=None, maskParams=None, name='pos_image', opacity=1.0, ori=0.0, pos=array([0., 0.]), size=array([0.5, 0.5]), texRes=128, units='height', win=Window(...))
9.8302 	EXP 	Created text = TextStim(__class__=<class 'psychopy.visual.text.TextStim'>, alignHoriz=method-wrapper(...), alignText='center', alignVert=method-wrapper(...), anchorHoriz='center', anchorVert='center', antialias=True, autoLog=True, bold=False, color='white', colorSpace='named', contrast=1.0, depth=0.0, flipHoriz=False, flipVert=False, font='Arial', fontFiles=[], height=0.1, italic=False, languageStyle='LTR', name='text', opacity=1.0, ori=0, pos=array([0., 0.]), rgb=array([255., 255., 255.]), text=str(...), units='height', win=Window(...), wrapWidth=1)
9.8329 	EXP 	Created fixation_cross_2 = ShapeStim(__class__=<class 'psychopy.visual.shape.ShapeStim'>, autoDraw=False, autoLog=True, closeShape=True, contrast=1.0, depth=-1.0, fillColor=array([1., 1., 1.]), fillColorSpace='rgb', interpolate=True, lineColor=array([1., 1., 1.]), lineColorSpace='rgb', lineWidth=0.0001, name='fixation_cross_2', opacity=1.0, ori=array(0.), pos=array([0., 0.]), size=array([0.04, 0.04]), units='height', vertices=ndarray(...), win=Window(...), windingRule=None)
9.8354 	EXP 	Created pos_image_2 = ImageStim(__class__=<class 'psychopy.visual.image.ImageStim'>, autoLog=True, color=array([1., 1., 1.]), colorSpace='rgb', contrast=1.0, depth=-2.0, flipHoriz=False, flipVert=False, image='sin', interpolate=True, mask=None, maskParams=None, name='pos_image_2', opacity=1.0, ori=0.0, pos=array([0., 0.]), size=array([0.5, 0.5]), texRes=128, units='height', win=Window(...))
9.8631 	EXP 	Created text_2 = TextStim(__class__=<class 'psychopy.visual.text.TextStim'>, alignHoriz=method-wrapper(...), alignText='center', alignVert=method-wrapper(...), anchorHoriz='center', anchorVert='center', antialias=True, autoLog=True, bold=False, color='white', colorSpace='named', contrast=1.0, depth=0.0, flipHoriz=False, flipVert=False, font='Arial', fontFiles=[], height=0.1, italic=False, languageStyle='LTR', name='text_2', opacity=1.0, ori=0, pos=array([0., 0.]), rgb=array([255., 255., 255.]), text=str(...), units='height', win=Window(...), wrapWidth=1)
9.9000 	EXP 	intro_text: autoDraw = True
11.3572 	DATA 	Keypress: num_3
11.4169 	EXP 	Imported A.xlsx as conditions, 3 conditions, 1 params
11.4173 	EXP 	Created sequence: random, trialTypes=3, nReps=1, seed=None
11.4175 	EXP 	New trial (rep=0, index=0): OrderedDict([('image', 'stimuli\\primes_pos\\image_3.jpg')])
11.6000 	EXP 	intro_text: autoDraw = False
11.6000 	EXP 	pos_image: size = array([2.84444444, 1.77777778])
11.6000 	EXP 	pos_image: image = 'stimuli\\primes_pos\\image_3.jpg'
11.6000 	EXP 	fixation_cross: autoDraw = True
13.1010 	EXP 	pos_image: autoDraw = True
13.1188 	EXP 	fixation_cross: autoDraw = False
24.3806 	EXP 	New trial (rep=0, index=1): OrderedDict([('image', 'stimuli\\primes_pos\\image_1.jpg')])
24.5159 	EXP 	fixation_cross: autoDraw = False
24.5159 	EXP 	pos_image: autoDraw = False
24.5159 	EXP 	pos_image: size = array([2.84444444, 1.77777778])
24.5159 	EXP 	pos_image: image = 'stimuli\\primes_pos\\image_1.jpg'
24.5159 	EXP 	fixation_cross: autoDraw = True
26.0107 	EXP 	pos_image: autoDraw = True
26.0329 	EXP 	fixation_cross: autoDraw = False
37.3816 	EXP 	New trial (rep=0, index=2): OrderedDict([('image', 'stimuli\\primes_pos\\image_2.jpg')])
37.5895 	EXP 	fixation_cross: autoDraw = False
37.5895 	EXP 	pos_image: autoDraw = False
37.5895 	EXP 	pos_image: size = array([2.84444444, 1.77777778])
37.5895 	EXP 	pos_image: image = 'stimuli\\primes_pos\\image_2.jpg'
37.5895 	EXP 	fixation_cross: autoDraw = True
39.0887 	EXP 	pos_image: autoDraw = True
39.1095 	EXP 	fixation_cross: autoDraw = False
50.4104 	EXP 	fixation_cross: autoDraw = False
50.4104 	EXP 	pos_image: autoDraw = False
50.4104 	EXP 	text: autoDraw = True
52.3294 	EXP 	Imported B.xlsx as conditions, 3 conditions, 1 params
52.3300 	EXP 	Created sequence: random, trialTypes=3, nReps=1, seed=None
52.3306 	EXP 	New trial (rep=0, index=0): OrderedDict([('image', 'stimuli\\primes_neg\\image_3.jpg')])
52.5239 	DATA 	Keypress: k
52.5326 	EXP 	text: autoDraw = False
52.5326 	EXP 	pos_image_2: size = array([2.84444444, 1.77777778])
52.5326 	EXP 	pos_image_2: image = 'stimuli\\primes_neg\\image_3.jpg'
52.5326 	EXP 	fixation_cross_2: autoDraw = True
54.0270 	EXP 	pos_image_2: autoDraw = True
54.0441 	EXP 	fixation_cross_2: autoDraw = False
55.9504 	DATA 	Keypress: escape
56.6753 	EXP 	window1: mouseVisible = True
