1.6927 	WARNING 	We strongly recommend you activate the PTB sound engine in PsychoPy prefs as the preferred audio engine. Its timing is vastly superior. Your prefs are currently set to use ['sounddevice', 'PTB', 'pyo', 'pygame'] (in that order).
6.8947 	WARNING 	User requested fullscreen with size [1024  768], but screen is actually [1600, 900]. Using actual size
8.6020 	EXP 	Created window1 = Window(allowGUI=False, allowStencil=False, args=UNKNOWN, autoLog=True, bitsMode=UNKNOWN, blendMode='avg', bpc=(8, 8, 8), color=array([0., 0., 0.]), colorSpace='rgb', depthBits=8, fullscr=<method-wrapper '__getattribute__' of attributeSetter object at 0x00000154C096AB38>, gamma=None, gammaErrorPolicy='raise', kwargs=UNKNOWN, lms=UNKNOWN, monitor=<psychopy.monitors.calibTools.Monitor object at 0x00000154C05F4860>, multiSample=False, name='window1', numSamples=2, pos=[0.0, 0.0], screen=0, size=array([1600,  900]), stencilBits=0, stereo=False, units='height', useFBO=True, useRetina=False, viewOri=0.0, viewPos=None, viewScale=None, waitBlanking=True, winType='pyglet')
8.6021 	EXP 	window1: recordFrameIntervals = False
8.7681 	EXP 	window1: recordFrameIntervals = True
8.8610 	WARNING 	t of last frame was 25.72ms (=1/38)
8.9011 	WARNING 	t of last frame was 20.33ms (=1/49)
9.0667 	EXP 	window1: recordFrameIntervals = False
9.4622 	EXP 	Created intro_text = TextStim(__class__=<class 'psychopy.visual.text.TextStim'>, alignHoriz=method-wrapper(...), alignText='center', alignVert=method-wrapper(...), anchorHoriz='center', anchorVert='center', antialias=True, autoLog=True, bold=False, color='white', colorSpace='named', contrast=1.0, depth=0.0, flipHoriz=False, flipVert=False, font='Arial', fontFiles=[], height=0.1, italic=False, languageStyle='LTR', name='intro_text', opacity=1.0, ori=0, pos=array([0., 0.]), rgb=array([255., 255., 255.]), text=str(...), units='height', win=Window(...), wrapWidth=1)
9.4669 	EXP 	Created fixation_cross = ShapeStim(__class__=<class 'psychopy.visual.shape.ShapeStim'>, autoDraw=False, autoLog=True, closeShape=True, contrast=1.0, depth=-1.0, fillColor=array([1., 1., 1.]), fillColorSpace='rgb', interpolate=True, lineColor=array([1., 1., 1.]), lineColorSpace='rgb', lineWidth=0.0001, name='fixation_cross', opacity=1.0, ori=array(0.), pos=array([0., 0.]), size=array([0.04, 0.04]), units='height', vertices=ndarray(...), win=Window(...), windingRule=None)
9.4743 	EXP 	Created pos_image = ImageStim(__class__=<class 'psychopy.visual.image.ImageStim'>, autoLog=True, color=array([1., 1., 1.]), colorSpace='rgb', contrast=1.0, depth=-2.0, flipHoriz=False, flipVert=False, image='sin', interpolate=True, mask=None, maskParams=None, name='pos_image', opacity=1.0, ori=0.0, pos=array([0., 0.]), size=array([0.5, 0.5]), texRes=128, units='height', win=Window(...))
9.4773 	EXP 	Created fixation_cross_2 = ShapeStim(__class__=<class 'psychopy.visual.shape.ShapeStim'>, autoDraw=False, autoLog=True, closeShape=True, contrast=1.0, depth=-1.0, fillColor=array([1., 1., 1.]), fillColorSpace='rgb', interpolate=True, lineColor=array([1., 1., 1.]), lineColorSpace='rgb', lineWidth=0.0001, name='fixation_cross_2', opacity=1.0, ori=array(0.), pos=array([0., 0.]), size=array([0.04, 0.04]), units='height', vertices=ndarray(...), win=Window(...), windingRule=None)
9.4803 	EXP 	Created pos_image_2 = ImageStim(__class__=<class 'psychopy.visual.image.ImageStim'>, autoLog=True, color=array([1., 1., 1.]), colorSpace='rgb', contrast=1.0, depth=-2.0, flipHoriz=False, flipVert=False, image='sin', interpolate=True, mask=None, maskParams=None, name='pos_image_2', opacity=1.0, ori=0.0, pos=array([0., 0.]), size=array([0.5, 0.5]), texRes=128, units='height', win=Window(...))
9.5092 	EXP 	Created text_2 = TextStim(__class__=<class 'psychopy.visual.text.TextStim'>, alignHoriz=method-wrapper(...), alignText='center', alignVert=method-wrapper(...), anchorHoriz='center', anchorVert='center', antialias=True, autoLog=True, bold=False, color='white', colorSpace='named', contrast=1.0, depth=0.0, flipHoriz=False, flipVert=False, font='Arial', fontFiles=[], height=0.1, italic=False, languageStyle='LTR', name='text_2', opacity=1.0, ori=0, pos=array([0., 0.]), rgb=array([255., 255., 255.]), text=str(...), units='height', win=Window(...), wrapWidth=1)
9.5487 	EXP 	intro_text: autoDraw = True
10.8781 	EXP 	Imported condition.xlsx as conditions, 2 conditions, 3 params
10.8786 	EXP 	Created sequence: random, trialTypes=2, nReps=1, seed=None
10.8792 	EXP 	New trial (rep=0, index=0): OrderedDict([('n_pos', 0), ('n_neg', 30), ('n_break', 1)])
10.8796 	EXP 	Created sequence: random, trialTypes=1, nReps=0, seed=None
10.8802 	EXP 	Created sequence: random, trialTypes=1, nReps=30, seed=None
10.8807 	EXP 	New trial (rep=0, index=0): None
11.0619 	DATA 	Keypress: k
11.0710 	EXP 	intro_text: autoDraw = False
11.0710 	EXP 	pos_image_2: size = array([2.84444444, 1.77777778])
11.0710 	EXP 	pos_image_2: image = 'D:\\Documents\\MSc\\sleepysleepy\\programming_group\\priming-session\\stimuli\\primes_pos\\image_27.jpg'
11.0710 	EXP 	fixation_cross_2: autoDraw = True
12.5623 	EXP 	pos_image_2: autoDraw = True
12.5798 	EXP 	fixation_cross_2: autoDraw = False
23.8201 	EXP 	New trial (rep=1, index=0): None
23.9587 	EXP 	fixation_cross_2: autoDraw = False
23.9587 	EXP 	pos_image_2: autoDraw = False
23.9587 	EXP 	pos_image_2: size = array([2.84444444, 1.77777778])
23.9587 	EXP 	pos_image_2: image = 'D:\\Documents\\MSc\\sleepysleepy\\programming_group\\priming-session\\stimuli\\primes_pos\\image_17.jpg'
23.9587 	EXP 	fixation_cross_2: autoDraw = True
25.4526 	EXP 	pos_image_2: autoDraw = True
25.4762 	EXP 	fixation_cross_2: autoDraw = False
34.2841 	DATA 	Keypress: escape
34.6257 	EXP 	window1: mouseVisible = True
