1.8287 	WARNING 	We strongly recommend you activate the PTB sound engine in PsychoPy prefs as the preferred audio engine. Its timing is vastly superior. Your prefs are currently set to use ['sounddevice', 'PTB', 'pyo', 'pygame'] (in that order).
11.6253 	EXP 	Created window1 = Window(allowGUI=False, allowStencil=False, args=UNKNOWN, autoLog=True, bitsMode=UNKNOWN, blendMode='avg', bpc=(8, 8, 8), color=array([0., 0., 0.]), colorSpace='rgb', depthBits=8, fullscr=<method-wrapper '__getattribute__' of attributeSetter object at 0x000001B79895EA90>, gamma=None, gammaErrorPolicy='raise', kwargs=UNKNOWN, lms=UNKNOWN, monitor=<psychopy.monitors.calibTools.Monitor object at 0x000001B79884DAC8>, multiSample=False, name='window1', numSamples=2, pos=[0.0, 0.0], screen=0, size=array([1600,  900]), stencilBits=0, stereo=False, units='height', useFBO=True, useRetina=False, viewOri=0.0, viewPos=None, viewScale=None, waitBlanking=True, winType='pyglet')
11.6254 	EXP 	window1: recordFrameIntervals = False
11.7910 	EXP 	window1: recordFrameIntervals = True
12.0258 	EXP 	window1: recordFrameIntervals = False
12.5440 	EXP 	Created intro_text = TextStim(__class__=<class 'psychopy.visual.text.TextStim'>, alignHoriz=method-wrapper(...), alignText='center', alignVert=method-wrapper(...), anchorHoriz='center', anchorVert='center', antialias=True, autoLog=True, bold=False, color='white', colorSpace='named', contrast=1.0, depth=0.0, flipHoriz=False, flipVert=False, font='Arial', fontFiles=[], height=0.1, italic=False, languageStyle='LTR', name='intro_text', opacity=1.0, ori=0, pos=array([0., 0.]), rgb=array([255., 255., 255.]), text=str(...), units='height', win=Window(...), wrapWidth=1)
12.5465 	EXP 	Created fixation_cross = ShapeStim(__class__=<class 'psychopy.visual.shape.ShapeStim'>, autoDraw=False, autoLog=True, closeShape=True, contrast=1.0, depth=-1.0, fillColor=array([1., 1., 1.]), fillColorSpace='rgb', interpolate=True, lineColor=array([1., 1., 1.]), lineColorSpace='rgb', lineWidth=0.0001, name='fixation_cross', opacity=1.0, ori=array(0.), pos=array([0., 0.]), size=array([0.04, 0.04]), units='height', vertices=ndarray(...), win=Window(...), windingRule=None)
12.5596 	EXP 	Created pos_image = ImageStim(__class__=<class 'psychopy.visual.image.ImageStim'>, autoLog=True, color=array([1., 1., 1.]), colorSpace='rgb', contrast=1.0, depth=-2.0, flipHoriz=False, flipVert=False, image='sin', interpolate=True, mask=None, maskParams=None, name='pos_image', opacity=1.0, ori=0.0, pos=array([0., 0.]), size=array([0.5, 0.5]), texRes=128, units='height', win=Window(...))
12.6531 	EXP 	Created text = TextStim(__class__=<class 'psychopy.visual.text.TextStim'>, alignHoriz=method-wrapper(...), alignText='center', alignVert=method-wrapper(...), anchorHoriz='center', anchorVert='center', antialias=True, autoLog=True, bold=False, color='white', colorSpace='named', contrast=1.0, depth=0.0, flipHoriz=False, flipVert=False, font='Arial', fontFiles=[], height=0.1, italic=False, languageStyle='LTR', name='text', opacity=1.0, ori=0, pos=array([0., 0.]), rgb=array([255., 255., 255.]), text='WE WERE ON A BREAK!', units='height', win=Window(...), wrapWidth=1)
12.6593 	EXP 	Created fixation_cross_2 = ShapeStim(__class__=<class 'psychopy.visual.shape.ShapeStim'>, autoDraw=False, autoLog=True, closeShape=True, contrast=1.0, depth=-1.0, fillColor=array([1., 1., 1.]), fillColorSpace='rgb', interpolate=True, lineColor=array([1., 1., 1.]), lineColorSpace='rgb', lineWidth=0.0001, name='fixation_cross_2', opacity=1.0, ori=array(0.), pos=array([0., 0.]), size=array([0.04, 0.04]), units='height', vertices=ndarray(...), win=Window(...), windingRule=None)
12.6650 	EXP 	Created pos_image_2 = ImageStim(__class__=<class 'psychopy.visual.image.ImageStim'>, autoLog=True, color=array([1., 1., 1.]), colorSpace='rgb', contrast=1.0, depth=-2.0, flipHoriz=False, flipVert=False, image='sin', interpolate=True, mask=None, maskParams=None, name='pos_image_2', opacity=1.0, ori=0.0, pos=array([0., 0.]), size=array([0.5, 0.5]), texRes=128, units='height', win=Window(...))
12.7457 	EXP 	Created text_2 = TextStim(__class__=<class 'psychopy.visual.text.TextStim'>, alignHoriz=method-wrapper(...), alignText='center', alignVert=method-wrapper(...), anchorHoriz='center', anchorVert='center', antialias=True, autoLog=True, bold=False, color='white', colorSpace='named', contrast=1.0, depth=0.0, flipHoriz=False, flipVert=False, font='Arial', fontFiles=[], height=0.1, italic=False, languageStyle='LTR', name='text_2', opacity=1.0, ori=0, pos=array([0., 0.]), rgb=array([255., 255., 255.]), text=str(...), units='height', win=Window(...), wrapWidth=1)
12.8413 	EXP 	intro_text: autoDraw = True
13.9725 	EXP 	Imported conditionA.xlsx as conditions, 3 conditions, 1 params
13.9729 	EXP 	Created sequence: random, trialTypes=3, nReps=1, seed=None
13.9731 	EXP 	New trial (rep=0, index=0): OrderedDict([('image', 'D:\\Documents\\MSc\\sleepysleepy\\programming_group\\priming-session\\stimuli\\primes_pos\\image_2.jpg')])
14.1303 	DATA 	Keypress: s
14.1398 	EXP 	intro_text: autoDraw = False
14.1398 	EXP 	pos_image: size = array([2.84444444, 1.77777778])
14.1398 	EXP 	pos_image: image = 'D:\\Documents\\MSc\\sleepysleepy\\programming_group\\priming-session\\stimuli\\primes_pos\\image_2.jpg'
14.1398 	EXP 	fixation_cross: autoDraw = True
15.6346 	EXP 	pos_image: autoDraw = True
15.6507 	EXP 	fixation_cross: autoDraw = False
26.9428 	EXP 	New trial (rep=0, index=1): OrderedDict([('image', 'D:\\Documents\\MSc\\sleepysleepy\\programming_group\\priming-session\\stimuli\\primes_pos\\image_1.jpg')])
27.1234 	EXP 	fixation_cross: autoDraw = False
27.1234 	EXP 	pos_image: autoDraw = False
27.1234 	EXP 	pos_image: size = array([2.84444444, 1.77777778])
27.1234 	EXP 	pos_image: image = 'D:\\Documents\\MSc\\sleepysleepy\\programming_group\\priming-session\\stimuli\\primes_pos\\image_1.jpg'
27.1234 	EXP 	fixation_cross: autoDraw = True
28.6082 	EXP 	pos_image: autoDraw = True
28.6273 	EXP 	fixation_cross: autoDraw = False
39.9497 	EXP 	New trial (rep=0, index=2): OrderedDict([('image', 'D:\\Documents\\MSc\\sleepysleepy\\programming_group\\priming-session\\stimuli\\primes_pos\\image_3.jpg')])
40.1415 	EXP 	fixation_cross: autoDraw = False
40.1415 	EXP 	pos_image: autoDraw = False
40.1415 	EXP 	pos_image: size = array([2.84444444, 1.77777778])
40.1415 	EXP 	pos_image: image = 'D:\\Documents\\MSc\\sleepysleepy\\programming_group\\priming-session\\stimuli\\primes_pos\\image_3.jpg'
40.1415 	EXP 	fixation_cross: autoDraw = True
41.6398 	EXP 	pos_image: autoDraw = True
41.6597 	EXP 	fixation_cross: autoDraw = False
52.9916 	EXP 	fixation_cross: autoDraw = False
52.9916 	EXP 	pos_image: autoDraw = False
52.9916 	EXP 	text: autoDraw = True
54.8544 	EXP 	Imported conditionB.xlsx as conditions, 3 conditions, 1 params
54.8550 	EXP 	Created sequence: random, trialTypes=3, nReps=1, seed=None
54.8555 	EXP 	New trial (rep=0, index=0): OrderedDict([('image', 'D:\\Documents\\MSc\\sleepysleepy\\programming_group\\priming-session\\stimuli\\primes_neg\\image_1.jpg')])
55.0822 	DATA 	Keypress: k
55.0918 	EXP 	text: autoDraw = False
55.0918 	EXP 	pos_image_2: size = array([2.84444444, 1.77777778])
55.0918 	EXP 	pos_image_2: image = 'D:\\Documents\\MSc\\sleepysleepy\\programming_group\\priming-session\\stimuli\\primes_neg\\image_1.jpg'
55.0918 	EXP 	fixation_cross_2: autoDraw = True
56.5971 	EXP 	pos_image_2: autoDraw = True
56.6196 	EXP 	fixation_cross_2: autoDraw = False
67.8560 	EXP 	New trial (rep=0, index=1): OrderedDict([('image', 'D:\\Documents\\MSc\\sleepysleepy\\programming_group\\priming-session\\stimuli\\primes_neg\\image_3.jpg')])
68.1035 	EXP 	fixation_cross_2: autoDraw = False
68.1035 	EXP 	pos_image_2: autoDraw = False
68.1035 	EXP 	pos_image_2: size = array([2.84444444, 1.77777778])
68.1035 	EXP 	pos_image_2: image = 'D:\\Documents\\MSc\\sleepysleepy\\programming_group\\priming-session\\stimuli\\primes_neg\\image_3.jpg'
68.1035 	EXP 	fixation_cross_2: autoDraw = True
69.6062 	EXP 	pos_image_2: autoDraw = True
69.6267 	EXP 	fixation_cross_2: autoDraw = False
80.8561 	EXP 	New trial (rep=0, index=2): OrderedDict([('image', 'D:\\Documents\\MSc\\sleepysleepy\\programming_group\\priming-session\\stimuli\\primes_neg\\image_2.jpg')])
81.0610 	EXP 	fixation_cross_2: autoDraw = False
81.0610 	EXP 	pos_image_2: autoDraw = False
81.0610 	EXP 	pos_image_2: size = array([2.84444444, 1.77777778])
81.0610 	EXP 	pos_image_2: image = 'D:\\Documents\\MSc\\sleepysleepy\\programming_group\\priming-session\\stimuli\\primes_neg\\image_2.jpg'
81.0610 	EXP 	fixation_cross_2: autoDraw = True
82.5663 	EXP 	fixation_cross_2: autoDraw = False
82.5663 	EXP 	pos_image_2: autoDraw = True
93.8820 	EXP 	fixation_cross_2: autoDraw = False
93.8820 	EXP 	pos_image_2: autoDraw = False
93.8820 	EXP 	text_2: autoDraw = True
96.4365 	DATA 	Keypress: l
96.4441 	EXP 	text_2: autoDraw = False
96.7105 	EXP 	window1: mouseVisible = True
