2.4466 	WARNING 	We strongly recommend you activate the PTB sound engine in PsychoPy prefs as the preferred audio engine. Its timing is vastly superior. Your prefs are currently set to use ['sounddevice', 'PTB', 'pyo', 'pygame'] (in that order).
8.2074 	WARNING 	User requested fullscreen with size [1024  768], but screen is actually [1600, 900]. Using actual size
9.8530 	EXP 	Created window1 = Window(allowGUI=False, allowStencil=False, args=UNKNOWN, autoLog=True, bitsMode=UNKNOWN, blendMode='avg', bpc=(8, 8, 8), color=array([0., 0., 0.]), colorSpace='rgb', depthBits=8, fullscr=<method-wrapper '__getattribute__' of attributeSetter object at 0x000001D43B81EA58>, gamma=None, gammaErrorPolicy='raise', kwargs=UNKNOWN, lms=UNKNOWN, monitor=<psychopy.monitors.calibTools.Monitor object at 0x000001D43B6EEA58>, multiSample=False, name='window1', numSamples=2, pos=[0.0, 0.0], screen=0, size=array([1600,  900]), stencilBits=0, stereo=False, units='height', useFBO=True, useRetina=False, viewOri=0.0, viewPos=None, viewScale=None, waitBlanking=True, winType='pyglet')
9.8531 	EXP 	window1: recordFrameIntervals = False
10.0185 	EXP 	window1: recordFrameIntervals = True
10.1490 	WARNING 	t of last frame was 30.68ms (=1/32)
10.3691 	EXP 	window1: recordFrameIntervals = False
10.7759 	EXP 	Created intro_text = TextStim(__class__=<class 'psychopy.visual.text.TextStim'>, alignHoriz=method-wrapper(...), alignText='center', alignVert=method-wrapper(...), anchorHoriz='center', anchorVert='center', antialias=True, autoLog=True, bold=False, color='white', colorSpace='named', contrast=1.0, depth=0.0, flipHoriz=False, flipVert=False, font='Arial', fontFiles=[], height=0.1, italic=False, languageStyle='LTR', name='intro_text', opacity=1.0, ori=0, pos=array([0., 0.]), rgb=array([255., 255., 255.]), text=str(...), units='height', win=Window(...), wrapWidth=1)
10.7794 	EXP 	Created fixation_cross = ShapeStim(__class__=<class 'psychopy.visual.shape.ShapeStim'>, autoDraw=False, autoLog=True, closeShape=True, contrast=1.0, depth=-1.0, fillColor=array([1., 1., 1.]), fillColorSpace='rgb', interpolate=True, lineColor=array([1., 1., 1.]), lineColorSpace='rgb', lineWidth=0.0001, name='fixation_cross', opacity=1.0, ori=array(0.), pos=array([0., 0.]), size=array([0.04, 0.04]), units='height', vertices=ndarray(...), win=Window(...), windingRule=None)
10.7859 	EXP 	Created pos_image = ImageStim(__class__=<class 'psychopy.visual.image.ImageStim'>, autoLog=True, color=array([1., 1., 1.]), colorSpace='rgb', contrast=1.0, depth=-2.0, flipHoriz=False, flipVert=False, image='sin', interpolate=True, mask=None, maskParams=None, name='pos_image', opacity=1.0, ori=0.0, pos=array([0., 0.]), size=array([0.5, 0.5]), texRes=128, units='height', win=Window(...))
10.8165 	EXP 	Created text = TextStim(__class__=<class 'psychopy.visual.text.TextStim'>, alignHoriz=method-wrapper(...), alignText='center', alignVert=method-wrapper(...), anchorHoriz='center', anchorVert='center', antialias=True, autoLog=True, bold=False, color='white', colorSpace='named', contrast=1.0, depth=0.0, flipHoriz=False, flipVert=False, font='Arial', fontFiles=[], height=0.1, italic=False, languageStyle='LTR', name='text', opacity=1.0, ori=0, pos=array([0., 0.]), rgb=array([255., 255., 255.]), text=str(...), units='height', win=Window(...), wrapWidth=1)
10.8212 	EXP 	Created fixation_cross_2 = ShapeStim(__class__=<class 'psychopy.visual.shape.ShapeStim'>, autoDraw=False, autoLog=True, closeShape=True, contrast=1.0, depth=-1.0, fillColor=array([1., 1., 1.]), fillColorSpace='rgb', interpolate=True, lineColor=array([1., 1., 1.]), lineColorSpace='rgb', lineWidth=0.0001, name='fixation_cross_2', opacity=1.0, ori=array(0.), pos=array([0., 0.]), size=array([0.04, 0.04]), units='height', vertices=ndarray(...), win=Window(...), windingRule=None)
10.8254 	EXP 	Created pos_image_2 = ImageStim(__class__=<class 'psychopy.visual.image.ImageStim'>, autoLog=True, color=array([1., 1., 1.]), colorSpace='rgb', contrast=1.0, depth=-2.0, flipHoriz=False, flipVert=False, image='sin', interpolate=True, mask=None, maskParams=None, name='pos_image_2', opacity=1.0, ori=0.0, pos=array([0., 0.]), size=array([0.5, 0.5]), texRes=128, units='height', win=Window(...))
10.8522 	EXP 	Created text_2 = TextStim(__class__=<class 'psychopy.visual.text.TextStim'>, alignHoriz=method-wrapper(...), alignText='center', alignVert=method-wrapper(...), anchorHoriz='center', anchorVert='center', antialias=True, autoLog=True, bold=False, color='white', colorSpace='named', contrast=1.0, depth=0.0, flipHoriz=False, flipVert=False, font='Arial', fontFiles=[], height=0.1, italic=False, languageStyle='LTR', name='text_2', opacity=1.0, ori=0, pos=array([0., 0.]), rgb=array([255., 255., 255.]), text=str(...), units='height', win=Window(...), wrapWidth=1)
10.8899 	EXP 	intro_text: autoDraw = True
11.8540 	EXP 	Imported condition.xlsx as conditions, 3 conditions, 2 params
11.8545 	EXP 	Created sequence: random, trialTypes=3, nReps=1, seed=None
11.8548 	EXP 	New trial (rep=0, index=0): OrderedDict([('n_pos', 1), ('n_neg', 1)])
11.8552 	EXP 	Created sequence: random, trialTypes=1, nReps=1, seed=None
11.8554 	EXP 	New trial (rep=0, index=0): None
12.0571 	DATA 	Keypress: q
12.0668 	EXP 	intro_text: autoDraw = False
12.0668 	EXP 	pos_image: size = array([2.84444444, 1.77777778])
12.0668 	EXP 	pos_image: image = 'D:\\Documents\\MSc\\sleepysleepy\\programming_group\\priming-session\\stimuli\\primes_pos\\image_15.jpg'
12.0668 	EXP 	fixation_cross: autoDraw = True
13.5641 	EXP 	pos_image: autoDraw = True
13.5850 	EXP 	fixation_cross: autoDraw = False
24.8135 	EXP 	fixation_cross: autoDraw = False
24.8135 	EXP 	pos_image: autoDraw = False
24.8135 	EXP 	text: autoDraw = True
27.1772 	EXP 	Created sequence: random, trialTypes=1, nReps=1, seed=None
27.1776 	EXP 	New trial (rep=0, index=0): None
27.3419 	DATA 	Keypress: w
27.3510 	EXP 	text: autoDraw = False
27.3510 	EXP 	pos_image_2: size = array([2.84444444, 1.77777778])
27.3510 	EXP 	pos_image_2: image = 'D:\\Documents\\MSc\\sleepysleepy\\programming_group\\priming-session\\stimuli\\primes_neg\\image_13.jpg'
27.3510 	EXP 	fixation_cross_2: autoDraw = True
28.8412 	EXP 	pos_image_2: autoDraw = True
28.8585 	EXP 	fixation_cross_2: autoDraw = False
40.1907 	EXP 	New trial (rep=0, index=1): OrderedDict([('n_pos', 0), ('n_neg', 2)])
40.1916 	EXP 	Created sequence: random, trialTypes=1, nReps=0, seed=None
40.2062 	EXP 	fixation_cross_2: autoDraw = False
40.2062 	EXP 	pos_image_2: autoDraw = False
40.2062 	EXP 	text: autoDraw = True
41.3231 	EXP 	Created sequence: random, trialTypes=1, nReps=2, seed=None
41.3234 	EXP 	New trial (rep=0, index=0): None
41.4786 	DATA 	Keypress: w
41.4880 	EXP 	text: autoDraw = False
41.4880 	EXP 	pos_image_2: size = array([2.84444444, 1.77777778])
41.4880 	EXP 	pos_image_2: image = 'D:\\Documents\\MSc\\sleepysleepy\\programming_group\\priming-session\\stimuli\\primes_neg\\image_24.jpg'
41.4880 	EXP 	fixation_cross_2: autoDraw = True
42.9878 	EXP 	pos_image_2: autoDraw = True
43.0088 	EXP 	fixation_cross_2: autoDraw = False
43.9076 	DATA 	Keypress: escape
44.3376 	EXP 	window1: mouseVisible = True
