1.6246 	WARNING 	We strongly recommend you activate the PTB sound engine in PsychoPy prefs as the preferred audio engine. Its timing is vastly superior. Your prefs are currently set to use ['sounddevice', 'PTB', 'pyo', 'pygame'] (in that order).
12.7803 	EXP 	Created window1 = Window(allowGUI=False, allowStencil=False, args=UNKNOWN, autoLog=True, bitsMode=UNKNOWN, blendMode='avg', bpc=(8, 8, 8), color=array([0., 0., 0.]), colorSpace='rgb', depthBits=8, fullscr=<method-wrapper '__getattribute__' of attributeSetter object at 0x00000185AA49DA90>, gamma=None, gammaErrorPolicy='raise', kwargs=UNKNOWN, lms=UNKNOWN, monitor=<psychopy.monitors.calibTools.Monitor object at 0x00000185AA36BAC8>, multiSample=False, name='window1', numSamples=2, pos=[0.0, 0.0], screen=0, size=array([1600,  900]), stencilBits=0, stereo=False, units='height', useFBO=True, useRetina=False, viewOri=0.0, viewPos=None, viewScale=None, waitBlanking=True, winType='pyglet')
12.7804 	EXP 	window1: recordFrameIntervals = False
12.9458 	EXP 	window1: recordFrameIntervals = True
13.3628 	EXP 	window1: recordFrameIntervals = False
13.7097 	EXP 	Created intro_text = TextStim(__class__=<class 'psychopy.visual.text.TextStim'>, alignHoriz=method-wrapper(...), alignText='center', alignVert=method-wrapper(...), anchorHoriz='center', anchorVert='center', antialias=True, autoLog=True, bold=False, color='white', colorSpace='named', contrast=1.0, depth=0.0, flipHoriz=False, flipVert=False, font='Arial', fontFiles=[], height=0.1, italic=False, languageStyle='LTR', name='intro_text', opacity=1.0, ori=0, pos=array([0., 0.]), rgb=array([255., 255., 255.]), text=str(...), units='height', win=Window(...), wrapWidth=1)
13.7133 	EXP 	Created fixation_cross = ShapeStim(__class__=<class 'psychopy.visual.shape.ShapeStim'>, autoDraw=False, autoLog=True, closeShape=True, contrast=1.0, depth=-1.0, fillColor=array([1., 1., 1.]), fillColorSpace='rgb', interpolate=True, lineColor=array([1., 1., 1.]), lineColorSpace='rgb', lineWidth=0.0001, name='fixation_cross', opacity=1.0, ori=array(0.), pos=array([0., 0.]), size=array([0.04, 0.04]), units='height', vertices=ndarray(...), win=Window(...), windingRule=None)
13.7171 	EXP 	Created pos_image = ImageStim(__class__=<class 'psychopy.visual.image.ImageStim'>, autoLog=True, color=array([1., 1., 1.]), colorSpace='rgb', contrast=1.0, depth=-2.0, flipHoriz=False, flipVert=False, image='sin', interpolate=True, mask=None, maskParams=None, name='pos_image', opacity=1.0, ori=0.0, pos=array([0., 0.]), size=array([0.5, 0.5]), texRes=128, units='height', win=Window(...))
13.7180 	EXP 	Created text = TextStim(__class__=<class 'psychopy.visual.text.TextStim'>, alignHoriz=method-wrapper(...), alignText='center', alignVert=method-wrapper(...), anchorHoriz='center', anchorVert='center', antialias=True, autoLog=True, bold=False, color='white', colorSpace='named', contrast=1.0, depth=0.0, flipHoriz=False, flipVert=False, font='Arial', fontFiles=[], height=0.1, italic=False, languageStyle='LTR', name='text', opacity=1.0, ori=0, pos=array([0., 0.]), rgb=array([255., 255., 255.]), text='', units='height', win=Window(...), wrapWidth=1)
13.7213 	EXP 	Created fixation_cross_2 = ShapeStim(__class__=<class 'psychopy.visual.shape.ShapeStim'>, autoDraw=False, autoLog=True, closeShape=True, contrast=1.0, depth=-1.0, fillColor=array([1., 1., 1.]), fillColorSpace='rgb', interpolate=True, lineColor=array([1., 1., 1.]), lineColorSpace='rgb', lineWidth=0.0001, name='fixation_cross_2', opacity=1.0, ori=array(0.), pos=array([0., 0.]), size=array([0.04, 0.04]), units='height', vertices=ndarray(...), win=Window(...), windingRule=None)
13.7243 	EXP 	Created pos_image_2 = ImageStim(__class__=<class 'psychopy.visual.image.ImageStim'>, autoLog=True, color=array([1., 1., 1.]), colorSpace='rgb', contrast=1.0, depth=-2.0, flipHoriz=False, flipVert=False, image='sin', interpolate=True, mask=None, maskParams=None, name='pos_image_2', opacity=1.0, ori=0.0, pos=array([0., 0.]), size=array([0.5, 0.5]), texRes=128, units='height', win=Window(...))
13.7561 	EXP 	Created text_2 = TextStim(__class__=<class 'psychopy.visual.text.TextStim'>, alignHoriz=method-wrapper(...), alignText='center', alignVert=method-wrapper(...), anchorHoriz='center', anchorVert='center', antialias=True, autoLog=True, bold=False, color='white', colorSpace='named', contrast=1.0, depth=0.0, flipHoriz=False, flipVert=False, font='Arial', fontFiles=[], height=0.1, italic=False, languageStyle='LTR', name='text_2', opacity=1.0, ori=0, pos=array([0., 0.]), rgb=array([255., 255., 255.]), text=str(...), units='height', win=Window(...), wrapWidth=1)
13.7970 	EXP 	intro_text: autoDraw = True
16.7246 	EXP 	Imported condition.xlsx as conditions, 2 conditions, 2 params
16.7250 	EXP 	Created sequence: random, trialTypes=2, nReps=1, seed=None
16.7253 	EXP 	New trial (rep=0, index=0): OrderedDict([('n_pos', 2), ('n_neg', 0)])
16.7256 	EXP 	Created sequence: random, trialTypes=1, nReps=2, seed=None
16.7258 	EXP 	New trial (rep=0, index=0): None
16.9371 	DATA 	Keypress: n
16.9461 	EXP 	intro_text: autoDraw = False
16.9461 	EXP 	pos_image: size = array([2.84444444, 1.77777778])
16.9461 	EXP 	pos_image: image = 'D:\\Documents\\MSc\\sleepysleepy\\programming_group\\priming-session\\stimuli\\primes_pos\\image_14.jpg'
16.9461 	EXP 	fixation_cross: autoDraw = True
18.4543 	EXP 	pos_image: autoDraw = True
18.4736 	EXP 	fixation_cross: autoDraw = False
29.6716 	EXP 	New trial (rep=1, index=0): None
30.0083 	EXP 	fixation_cross: autoDraw = False
30.0083 	EXP 	pos_image: autoDraw = False
30.0083 	EXP 	pos_image: size = array([2.84444444, 1.77777778])
30.0083 	EXP 	pos_image: image = 'D:\\Documents\\MSc\\sleepysleepy\\programming_group\\priming-session\\stimuli\\primes_pos\\image_19.jpg'
30.0083 	EXP 	fixation_cross: autoDraw = True
31.5035 	EXP 	pos_image: autoDraw = True
31.5270 	EXP 	fixation_cross: autoDraw = False
42.7248 	EXP 	fixation_cross: autoDraw = False
42.7248 	EXP 	pos_image: autoDraw = False
42.7248 	EXP 	text: autoDraw = True
56.0683 	EXP 	Created sequence: random, trialTypes=1, nReps=0, seed=None
56.0687 	EXP 	New trial (rep=0, index=1): OrderedDict([('n_pos', 0), ('n_neg', 2)])
56.0692 	EXP 	Created sequence: random, trialTypes=1, nReps=0, seed=None
56.0734 	DATA 	Keypress: d
56.0836 	EXP 	text: autoDraw = False
56.0836 	EXP 	text: autoDraw = True
60.5254 	EXP 	Created sequence: random, trialTypes=1, nReps=2, seed=None
60.5257 	EXP 	New trial (rep=0, index=0): None
60.7289 	DATA 	Keypress: r
60.7381 	EXP 	text: autoDraw = False
60.7381 	EXP 	pos_image_2: size = array([2.84444444, 1.77777778])
60.7381 	EXP 	pos_image_2: image = 'D:\\Documents\\MSc\\sleepysleepy\\programming_group\\priming-session\\stimuli\\primes_neg\\image_25.jpg'
60.7381 	EXP 	fixation_cross_2: autoDraw = True
60.8558 	DATA 	Keypress: r
62.2323 	EXP 	pos_image_2: autoDraw = True
62.2489 	EXP 	fixation_cross_2: autoDraw = False
63.2867 	DATA 	Keypress: escape
63.9629 	EXP 	window1: mouseVisible = True
