1.9732 	WARNING 	We strongly recommend you activate the PTB sound engine in PsychoPy prefs as the preferred audio engine. Its timing is vastly superior. Your prefs are currently set to use ['sounddevice', 'PTB', 'pyo', 'pygame'] (in that order).
50.0676 	WARNING 	User requested fullscreen with size [1024  768], but screen is actually [1600, 900]. Using actual size
51.8999 	EXP 	Created window1 = Window(allowGUI=False, allowStencil=False, args=UNKNOWN, autoLog=True, bitsMode=UNKNOWN, blendMode='avg', bpc=(8, 8, 8), color=array([0., 0., 0.]), colorSpace='rgb', depthBits=8, fullscr=<method-wrapper '__getattribute__' of attributeSetter object at 0x000001BFB2F4AB38>, gamma=None, gammaErrorPolicy='raise', kwargs=UNKNOWN, lms=UNKNOWN, monitor=<psychopy.monitors.calibTools.Monitor object at 0x000001BFB2BD3860>, multiSample=False, name='window1', numSamples=2, pos=[0.0, 0.0], screen=0, size=array([1600,  900]), stencilBits=0, stereo=False, units='height', useFBO=True, useRetina=False, viewOri=0.0, viewPos=None, viewScale=None, waitBlanking=True, winType='pyglet')
51.9000 	EXP 	window1: recordFrameIntervals = False
52.0663 	EXP 	window1: recordFrameIntervals = True
52.2491 	EXP 	window1: recordFrameIntervals = False
52.7827 	EXP 	Created intro_text = TextStim(__class__=<class 'psychopy.visual.text.TextStim'>, alignHoriz=method-wrapper(...), alignText='center', alignVert=method-wrapper(...), anchorHoriz='center', anchorVert='center', antialias=True, autoLog=True, bold=False, color='white', colorSpace='named', contrast=1.0, depth=0.0, flipHoriz=False, flipVert=False, font='Arial', fontFiles=[], height=0.1, italic=False, languageStyle='LTR', name='intro_text', opacity=1.0, ori=0, pos=array([0., 0.]), rgb=array([255., 255., 255.]), text=str(...), units='height', win=Window(...), wrapWidth=1)
52.7858 	EXP 	Created fixation_cross = ShapeStim(__class__=<class 'psychopy.visual.shape.ShapeStim'>, autoDraw=False, autoLog=True, closeShape=True, contrast=1.0, depth=-1.0, fillColor=array([1., 1., 1.]), fillColorSpace='rgb', interpolate=True, lineColor=array([1., 1., 1.]), lineColorSpace='rgb', lineWidth=0.0001, name='fixation_cross', opacity=1.0, ori=array(0.), pos=array([0., 0.]), size=array([0.04, 0.04]), units='height', vertices=ndarray(...), win=Window(...), windingRule=None)
52.7932 	EXP 	Created pos_image = ImageStim(__class__=<class 'psychopy.visual.image.ImageStim'>, autoLog=True, color=array([1., 1., 1.]), colorSpace='rgb', contrast=1.0, depth=-2.0, flipHoriz=False, flipVert=False, image='sin', interpolate=True, mask=None, maskParams=None, name='pos_image', opacity=1.0, ori=0.0, pos=array([0., 0.]), size=array([0.5, 0.5]), texRes=128, units='height', win=Window(...))
52.7968 	EXP 	Created fixation_cross_2 = ShapeStim(__class__=<class 'psychopy.visual.shape.ShapeStim'>, autoDraw=False, autoLog=True, closeShape=True, contrast=1.0, depth=-1.0, fillColor=array([1., 1., 1.]), fillColorSpace='rgb', interpolate=True, lineColor=array([1., 1., 1.]), lineColorSpace='rgb', lineWidth=0.0001, name='fixation_cross_2', opacity=1.0, ori=array(0.), pos=array([0., 0.]), size=array([0.04, 0.04]), units='height', vertices=ndarray(...), win=Window(...), windingRule=None)
52.8005 	EXP 	Created pos_image_2 = ImageStim(__class__=<class 'psychopy.visual.image.ImageStim'>, autoLog=True, color=array([1., 1., 1.]), colorSpace='rgb', contrast=1.0, depth=-2.0, flipHoriz=False, flipVert=False, image='sin', interpolate=True, mask=None, maskParams=None, name='pos_image_2', opacity=1.0, ori=0.0, pos=array([0., 0.]), size=array([0.5, 0.5]), texRes=128, units='height', win=Window(...))
52.8324 	EXP 	Created text_2 = TextStim(__class__=<class 'psychopy.visual.text.TextStim'>, alignHoriz=method-wrapper(...), alignText='center', alignVert=method-wrapper(...), anchorHoriz='center', anchorVert='center', antialias=True, autoLog=True, bold=False, color='white', colorSpace='named', contrast=1.0, depth=0.0, flipHoriz=False, flipVert=False, font='Arial', fontFiles=[], height=0.1, italic=False, languageStyle='LTR', name='text_2', opacity=1.0, ori=0, pos=array([0., 0.]), rgb=array([255., 255., 255.]), text=str(...), units='height', win=Window(...), wrapWidth=1)
52.8818 	EXP 	intro_text: autoDraw = True
54.1022 	EXP 	Imported condition.xlsx as conditions, 2 conditions, 3 params
54.1028 	EXP 	Created sequence: random, trialTypes=2, nReps=1, seed=None
54.1032 	EXP 	New trial (rep=0, index=0): OrderedDict([('n_pos', 0), ('n_neg', 3), ('n_break', 1)])
54.1035 	EXP 	Created sequence: random, trialTypes=1, nReps=0, seed=None
54.1039 	EXP 	Created sequence: random, trialTypes=1, nReps=3, seed=None
54.1043 	EXP 	New trial (rep=0, index=0): None
54.3172 	DATA 	Keypress: k
54.3264 	EXP 	intro_text: autoDraw = False
54.3264 	EXP 	pos_image_2: size = array([2.84444444, 1.77777778])
54.3264 	EXP 	pos_image_2: image = 'D:\\Documents\\MSc\\sleepysleepy\\programming_group\\priming-session\\stimuli\\primes_pos\\image_11.jpg'
54.3264 	EXP 	fixation_cross_2: autoDraw = True
55.8274 	EXP 	pos_image_2: autoDraw = True
55.8456 	EXP 	fixation_cross_2: autoDraw = False
67.0286 	EXP 	New trial (rep=1, index=0): None
67.1743 	EXP 	fixation_cross_2: autoDraw = False
67.1743 	EXP 	pos_image_2: autoDraw = False
67.1743 	EXP 	pos_image_2: size = array([2.84444444, 1.77777778])
67.1743 	EXP 	pos_image_2: image = 'D:\\Documents\\MSc\\sleepysleepy\\programming_group\\priming-session\\stimuli\\primes_pos\\image_7.jpg'
67.1743 	EXP 	fixation_cross_2: autoDraw = True
68.6662 	EXP 	pos_image_2: autoDraw = True
68.6906 	EXP 	fixation_cross_2: autoDraw = False
80.0275 	EXP 	New trial (rep=2, index=0): None
80.2258 	EXP 	fixation_cross_2: autoDraw = False
80.2258 	EXP 	pos_image_2: autoDraw = False
80.2258 	EXP 	pos_image_2: size = array([2.84444444, 1.77777778])
80.2258 	EXP 	pos_image_2: image = 'D:\\Documents\\MSc\\sleepysleepy\\programming_group\\priming-session\\stimuli\\primes_pos\\image_21.jpg'
80.2258 	EXP 	fixation_cross_2: autoDraw = True
81.7145 	EXP 	pos_image_2: autoDraw = True
81.7377 	EXP 	fixation_cross_2: autoDraw = False
93.0292 	EXP 	New trial (rep=0, index=1): OrderedDict([('n_pos', 3), ('n_neg', 0), ('n_break', 1)])
93.0305 	EXP 	Created sequence: random, trialTypes=1, nReps=3, seed=None
93.0313 	EXP 	New trial (rep=0, index=0): None
93.2456 	EXP 	fixation_cross_2: autoDraw = False
93.2456 	EXP 	pos_image_2: autoDraw = False
93.2456 	EXP 	pos_image: size = array([2.84444444, 1.77777778])
93.2456 	EXP 	pos_image: image = 'D:\\Documents\\MSc\\sleepysleepy\\programming_group\\priming-session\\stimuli\\primes_pos\\image_13.jpg'
93.2456 	EXP 	fixation_cross: autoDraw = True
94.7500 	EXP 	pos_image: autoDraw = True
94.7670 	EXP 	fixation_cross: autoDraw = False
106.0337 	EXP 	New trial (rep=1, index=0): None
106.2397 	EXP 	fixation_cross: autoDraw = False
106.2397 	EXP 	pos_image: autoDraw = False
106.2397 	EXP 	pos_image: size = array([2.84444444, 1.77777778])
106.2397 	EXP 	pos_image: image = 'D:\\Documents\\MSc\\sleepysleepy\\programming_group\\priming-session\\stimuli\\primes_pos\\image_28.jpg'
106.2397 	EXP 	fixation_cross: autoDraw = True
107.7443 	EXP 	pos_image: autoDraw = True
107.7663 	EXP 	fixation_cross: autoDraw = False
119.0342 	EXP 	New trial (rep=2, index=0): None
119.3212 	EXP 	fixation_cross: autoDraw = False
119.3212 	EXP 	pos_image: autoDraw = False
119.3212 	EXP 	pos_image: size = array([2.84444444, 1.77777778])
119.3212 	EXP 	pos_image: image = 'D:\\Documents\\MSc\\sleepysleepy\\programming_group\\priming-session\\stimuli\\primes_pos\\image_19.jpg'
119.3212 	EXP 	fixation_cross: autoDraw = True
120.8086 	EXP 	pos_image: autoDraw = True
120.8307 	EXP 	fixation_cross: autoDraw = False
132.0365 	EXP 	Created sequence: random, trialTypes=1, nReps=0, seed=None
132.0547 	EXP 	fixation_cross: autoDraw = False
132.0547 	EXP 	pos_image: autoDraw = False
132.0547 	EXP 	text_2: autoDraw = True
135.2820 	DATA 	Keypress: k
135.2980 	EXP 	text_2: autoDraw = False
135.6368 	EXP 	window1: mouseVisible = True
