1.9100 	WARNING 	We strongly recommend you activate the PTB sound engine in PsychoPy prefs as the preferred audio engine. Its timing is vastly superior. Your prefs are currently set to use ['sounddevice', 'PTB', 'pyo', 'pygame'] (in that order).
8.0707 	WARNING 	User requested fullscreen with size [1024  768], but screen is actually [1600, 900]. Using actual size
10.0252 	EXP 	Created window1 = Window(allowGUI=False, allowStencil=False, args=UNKNOWN, autoLog=True, bitsMode=UNKNOWN, blendMode='avg', bpc=(8, 8, 8), color=array([0., 0., 0.]), colorSpace='rgb', depthBits=8, fullscr=<method-wrapper '__getattribute__' of attributeSetter object at 0x000001DACED1BB38>, gamma=None, gammaErrorPolicy='raise', kwargs=UNKNOWN, lms=UNKNOWN, monitor=<psychopy.monitors.calibTools.Monitor object at 0x000001DACE9A3860>, multiSample=False, name='window1', numSamples=2, pos=[0.0, 0.0], screen=0, size=array([1600,  900]), stencilBits=0, stereo=False, units='height', useFBO=True, useRetina=False, viewOri=0.0, viewPos=None, viewScale=None, waitBlanking=True, winType='pyglet')
10.0253 	EXP 	window1: recordFrameIntervals = False
10.1918 	EXP 	window1: recordFrameIntervals = True
10.3747 	EXP 	window1: recordFrameIntervals = False
10.8340 	EXP 	Created intro_text = TextStim(__class__=<class 'psychopy.visual.text.TextStim'>, alignHoriz=method-wrapper(...), alignText='center', alignVert=method-wrapper(...), anchorHoriz='center', anchorVert='center', antialias=True, autoLog=True, bold=False, color='white', colorSpace='named', contrast=1.0, depth=0.0, flipHoriz=False, flipVert=False, font='Arial', fontFiles=[], height=0.1, italic=False, languageStyle='LTR', name='intro_text', opacity=1.0, ori=0, pos=array([0., 0.]), rgb=array([255., 255., 255.]), text=str(...), units='height', win=Window(...), wrapWidth=1)
10.8382 	EXP 	Created fixation_cross = ShapeStim(__class__=<class 'psychopy.visual.shape.ShapeStim'>, autoDraw=False, autoLog=True, closeShape=True, contrast=1.0, depth=-1.0, fillColor=array([1., 1., 1.]), fillColorSpace='rgb', interpolate=True, lineColor=array([1., 1., 1.]), lineColorSpace='rgb', lineWidth=0.0001, name='fixation_cross', opacity=1.0, ori=array(0.), pos=array([0., 0.]), size=array([0.04, 0.04]), units='height', vertices=ndarray(...), win=Window(...), windingRule=None)
10.8464 	EXP 	Created pos_image = ImageStim(__class__=<class 'psychopy.visual.image.ImageStim'>, autoLog=True, color=array([1., 1., 1.]), colorSpace='rgb', contrast=1.0, depth=-2.0, flipHoriz=False, flipVert=False, image='sin', interpolate=True, mask=None, maskParams=None, name='pos_image', opacity=1.0, ori=0.0, pos=array([0., 0.]), size=array([0.5, 0.5]), texRes=128, units='height', win=Window(...))
10.8498 	EXP 	Created fixation_cross_2 = ShapeStim(__class__=<class 'psychopy.visual.shape.ShapeStim'>, autoDraw=False, autoLog=True, closeShape=True, contrast=1.0, depth=-1.0, fillColor=array([1., 1., 1.]), fillColorSpace='rgb', interpolate=True, lineColor=array([1., 1., 1.]), lineColorSpace='rgb', lineWidth=0.0001, name='fixation_cross_2', opacity=1.0, ori=array(0.), pos=array([0., 0.]), size=array([0.04, 0.04]), units='height', vertices=ndarray(...), win=Window(...), windingRule=None)
10.8531 	EXP 	Created pos_image_2 = ImageStim(__class__=<class 'psychopy.visual.image.ImageStim'>, autoLog=True, color=array([1., 1., 1.]), colorSpace='rgb', contrast=1.0, depth=-2.0, flipHoriz=False, flipVert=False, image='sin', interpolate=True, mask=None, maskParams=None, name='pos_image_2', opacity=1.0, ori=0.0, pos=array([0., 0.]), size=array([0.5, 0.5]), texRes=128, units='height', win=Window(...))
10.9099 	EXP 	Created text_2 = TextStim(__class__=<class 'psychopy.visual.text.TextStim'>, alignHoriz=method-wrapper(...), alignText='center', alignVert=method-wrapper(...), anchorHoriz='center', anchorVert='center', antialias=True, autoLog=True, bold=False, color='white', colorSpace='named', contrast=1.0, depth=0.0, flipHoriz=False, flipVert=False, font='Arial', fontFiles=[], height=0.1, italic=False, languageStyle='LTR', name='text_2', opacity=1.0, ori=0, pos=array([0., 0.]), rgb=array([255., 255., 255.]), text=str(...), units='height', win=Window(...), wrapWidth=1)
10.9546 	EXP 	intro_text: autoDraw = True
12.6233 	EXP 	Imported condition.xlsx as conditions, 2 conditions, 3 params
12.6243 	EXP 	Created sequence: random, trialTypes=2, nReps=1, seed=None
12.6249 	EXP 	New trial (rep=0, index=0): OrderedDict([('n_pos', 0), ('n_neg', 3), ('n_break', 1)])
12.6254 	EXP 	Created sequence: random, trialTypes=1, nReps=0, seed=None
12.6259 	EXP 	Created sequence: random, trialTypes=1, nReps=3, seed=None
12.6262 	EXP 	New trial (rep=0, index=0): None
12.8911 	DATA 	Keypress: k
12.9002 	EXP 	intro_text: autoDraw = False
12.9002 	EXP 	pos_image_2: size = array([2.84444444, 1.77777778])
12.9002 	EXP 	pos_image_2: image = 'D:\\Documents\\MSc\\sleepysleepy\\programming_group\\priming-session\\stimuli\\primes_pos\\image_5.jpg'
12.9002 	EXP 	fixation_cross_2: autoDraw = True
14.4049 	EXP 	pos_image_2: autoDraw = True
14.4259 	EXP 	fixation_cross_2: autoDraw = False
25.5765 	EXP 	New trial (rep=1, index=0): None
25.8026 	EXP 	fixation_cross_2: autoDraw = False
25.8026 	EXP 	pos_image_2: autoDraw = False
25.8026 	EXP 	pos_image_2: size = array([2.84444444, 1.77777778])
25.8026 	EXP 	pos_image_2: image = 'D:\\Documents\\MSc\\sleepysleepy\\programming_group\\priming-session\\stimuli\\primes_pos\\image_27.jpg'
25.8026 	EXP 	fixation_cross_2: autoDraw = True
27.2927 	EXP 	pos_image_2: autoDraw = True
27.3173 	EXP 	fixation_cross_2: autoDraw = False
38.5640 	EXP 	New trial (rep=2, index=0): None
38.7653 	EXP 	fixation_cross_2: autoDraw = False
38.7653 	EXP 	pos_image_2: autoDraw = False
38.7653 	EXP 	pos_image_2: size = array([2.84444444, 1.77777778])
38.7653 	EXP 	pos_image_2: image = 'D:\\Documents\\MSc\\sleepysleepy\\programming_group\\priming-session\\stimuli\\primes_pos\\image_15.jpg'
38.7653 	EXP 	fixation_cross_2: autoDraw = True
40.2562 	EXP 	pos_image_2: autoDraw = True
40.2802 	EXP 	fixation_cross_2: autoDraw = False
51.5633 	EXP 	New trial (rep=0, index=1): OrderedDict([('n_pos', 3), ('n_neg', 0), ('n_break', 1)])
51.5647 	EXP 	Created sequence: random, trialTypes=1, nReps=3, seed=None
51.5654 	EXP 	New trial (rep=0, index=0): None
51.8189 	EXP 	fixation_cross_2: autoDraw = False
51.8189 	EXP 	pos_image_2: autoDraw = False
51.8189 	EXP 	pos_image: size = array([2.84444444, 1.77777778])
51.8189 	EXP 	pos_image: image = 'D:\\Documents\\MSc\\sleepysleepy\\programming_group\\priming-session\\stimuli\\primes_pos\\image_9.jpg'
51.8189 	EXP 	fixation_cross: autoDraw = True
53.3296 	EXP 	pos_image: autoDraw = True
53.3467 	EXP 	fixation_cross: autoDraw = False
64.5610 	EXP 	New trial (rep=1, index=0): None
64.7681 	EXP 	fixation_cross: autoDraw = False
64.7681 	EXP 	pos_image: autoDraw = False
64.7681 	EXP 	pos_image: size = array([2.84444444, 1.77777778])
64.7681 	EXP 	pos_image: image = 'D:\\Documents\\MSc\\sleepysleepy\\programming_group\\priming-session\\stimuli\\primes_pos\\image_0.jpg'
64.7681 	EXP 	fixation_cross: autoDraw = True
66.2575 	EXP 	pos_image: autoDraw = True
66.2794 	EXP 	fixation_cross: autoDraw = False
67.8361 	DATA 	Keypress: escape
68.1989 	EXP 	window1: mouseVisible = True
