1.7601 	WARNING 	We strongly recommend you activate the PTB sound engine in PsychoPy prefs as the preferred audio engine. Its timing is vastly superior. Your prefs are currently set to use ['sounddevice', 'PTB', 'pyo', 'pygame'] (in that order).
6.2185 	WARNING 	User requested fullscreen with size [1024  768], but screen is actually [1600, 900]. Using actual size
7.8222 	EXP 	Created window1 = Window(allowGUI=False, allowStencil=False, args=UNKNOWN, autoLog=True, bitsMode=UNKNOWN, blendMode='avg', bpc=(8, 8, 8), color=array([0., 0., 0.]), colorSpace='rgb', depthBits=8, fullscr=<method-wrapper '__getattribute__' of attributeSetter object at 0x0000027E99B7A8D0>, gamma=None, gammaErrorPolicy='raise', kwargs=UNKNOWN, lms=UNKNOWN, monitor=<psychopy.monitors.calibTools.Monitor object at 0x0000027E997FF5F8>, multiSample=False, name='window1', numSamples=2, pos=[0.0, 0.0], screen=0, size=array([1600,  900]), stencilBits=0, stereo=False, units='height', useFBO=True, useRetina=False, viewOri=0.0, viewPos=None, viewScale=None, waitBlanking=True, winType='pyglet')
7.8223 	EXP 	window1: recordFrameIntervals = False
7.9875 	EXP 	window1: recordFrameIntervals = True
8.1729 	EXP 	window1: recordFrameIntervals = False
8.5753 	EXP 	Created intro_text = TextStim(__class__=<class 'psychopy.visual.text.TextStim'>, alignHoriz=method-wrapper(...), alignText='center', alignVert=method-wrapper(...), anchorHoriz='center', anchorVert='center', antialias=True, autoLog=True, bold=False, color='white', colorSpace='named', contrast=1.0, depth=0.0, flipHoriz=False, flipVert=False, font='Arial', fontFiles=[], height=0.1, italic=False, languageStyle='LTR', name='intro_text', opacity=1.0, ori=0, pos=array([0., 0.]), rgb=array([255., 255., 255.]), text=str(...), units='height', win=Window(...), wrapWidth=1)
8.5788 	EXP 	Created fixation_cross = ShapeStim(__class__=<class 'psychopy.visual.shape.ShapeStim'>, autoDraw=False, autoLog=True, closeShape=True, contrast=1.0, depth=-1.0, fillColor=array([1., 1., 1.]), fillColorSpace='rgb', interpolate=True, lineColor=array([1., 1., 1.]), lineColorSpace='rgb', lineWidth=0.0001, name='fixation_cross', opacity=1.0, ori=array(0.), pos=array([0., 0.]), size=array([0.04, 0.04]), units='height', vertices=ndarray(...), win=Window(...), windingRule=None)
8.5852 	EXP 	Created pos_image = ImageStim(__class__=<class 'psychopy.visual.image.ImageStim'>, autoLog=True, color=array([1., 1., 1.]), colorSpace='rgb', contrast=1.0, depth=-2.0, flipHoriz=False, flipVert=False, image='sin', interpolate=True, mask=None, maskParams=None, name='pos_image', opacity=1.0, ori=0.0, pos=array([0., 0.]), size=array([0.5, 0.5]), texRes=128, units='height', win=Window(...))
8.6191 	EXP 	Created text_2 = TextStim(__class__=<class 'psychopy.visual.text.TextStim'>, alignHoriz=method-wrapper(...), alignText='center', alignVert=method-wrapper(...), anchorHoriz='center', anchorVert='center', antialias=True, autoLog=True, bold=False, color='white', colorSpace='named', contrast=1.0, depth=0.0, flipHoriz=False, flipVert=False, font='Arial', fontFiles=[], height=0.1, italic=False, languageStyle='LTR', name='text_2', opacity=1.0, ori=0, pos=array([0., 0.]), rgb=array([255., 255., 255.]), text=str(...), units='height', win=Window(...), wrapWidth=1)
8.6588 	EXP 	intro_text: autoDraw = True
8.9590 	DATA 	Keypress: s
9.0447 	EXP 	Imported condition.xlsx as conditions, 2 conditions, 3 params
9.0454 	EXP 	Created sequence: random, trialTypes=2, nReps=1, seed=None
9.0461 	EXP 	New trial (rep=0, index=0): OrderedDict([('n_pos', 30), ('n_neg', 0), ('n_break', 1)])
9.0475 	EXP 	Created sequence: random, trialTypes=1, nReps=30, seed=None
9.0484 	EXP 	New trial (rep=0, index=0): None
9.2957 	EXP 	intro_text: autoDraw = False
9.2957 	EXP 	pos_image: size = array([2.84444444, 1.77777778])
9.2957 	EXP 	pos_image: image = 'D:\\Documents\\MSc\\sleepysleepy\\programming_group\\priming-session\\stimuli\\primes_pos\\image_6.jpg'
9.2957 	EXP 	fixation_cross: autoDraw = True
10.8012 	EXP 	pos_image: autoDraw = True
10.8205 	EXP 	fixation_cross: autoDraw = False
21.9855 	EXP 	New trial (rep=1, index=0): None
22.1302 	EXP 	fixation_cross: autoDraw = False
22.1302 	EXP 	pos_image: autoDraw = False
22.1302 	EXP 	pos_image: size = array([2.84444444, 1.77777778])
22.1302 	EXP 	pos_image: image = 'D:\\Documents\\MSc\\sleepysleepy\\programming_group\\priming-session\\stimuli\\primes_pos\\image_4.jpg'
22.1302 	EXP 	fixation_cross: autoDraw = True
23.6229 	EXP 	pos_image: autoDraw = True
23.6468 	EXP 	fixation_cross: autoDraw = False
34.9874 	EXP 	New trial (rep=2, index=0): None
35.1471 	DATA 	Keypress: escape
35.1562 	EXP 	fixation_cross: autoDraw = False
35.1562 	EXP 	pos_image: autoDraw = False
35.1562 	EXP 	pos_image: size = array([2.84444444, 1.77777778])
35.1562 	EXP 	pos_image: image = 'D:\\Documents\\MSc\\sleepysleepy\\programming_group\\priming-session\\stimuli\\primes_pos\\image_2.jpg'
35.1562 	EXP 	fixation_cross: autoDraw = True
35.4114 	EXP 	window1: mouseVisible = True
