2.0937 	WARNING 	We strongly recommend you activate the PTB sound engine in PsychoPy prefs as the preferred audio engine. Its timing is vastly superior. Your prefs are currently set to use ['sounddevice', 'PTB', 'pyo', 'pygame'] (in that order).
9.9656 	EXP 	Created window1 = Window(allowGUI=False, allowStencil=False, args=UNKNOWN, autoLog=True, bitsMode=UNKNOWN, blendMode='avg', bpc=(8, 8, 8), color=array([0., 0., 0.]), colorSpace='rgb', depthBits=8, fullscr=<method-wrapper '__getattribute__' of attributeSetter object at 0x00000234B40D7CC0>, gamma=None, gammaErrorPolicy='raise', kwargs=UNKNOWN, lms=UNKNOWN, monitor=<psychopy.monitors.calibTools.Monitor object at 0x00000234B3FDCCC0>, multiSample=False, name='window1', numSamples=2, pos=[0.0, 0.0], screen=0, size=array([1600,  900]), stencilBits=0, stereo=False, units='height', useFBO=True, useRetina=False, viewOri=0.0, viewPos=None, viewScale=None, waitBlanking=True, winType='pyglet')
9.9657 	EXP 	window1: recordFrameIntervals = False
10.1305 	EXP 	window1: recordFrameIntervals = True
10.3156 	EXP 	window1: recordFrameIntervals = False
10.7150 	EXP 	Created intro_text = TextStim(__class__=<class 'psychopy.visual.text.TextStim'>, alignHoriz=method-wrapper(...), alignText='center', alignVert=method-wrapper(...), anchorHoriz='center', anchorVert='center', antialias=True, autoLog=True, bold=False, color='white', colorSpace='named', contrast=1.0, depth=0.0, flipHoriz=False, flipVert=False, font='Arial', fontFiles=[], height=0.1, italic=False, languageStyle='LTR', name='intro_text', opacity=1.0, ori=0, pos=array([0., 0.]), rgb=array([255., 255., 255.]), text=str(...), units='height', win=Window(...), wrapWidth=1)
10.7172 	EXP 	Created fixation_cross = ShapeStim(__class__=<class 'psychopy.visual.shape.ShapeStim'>, autoDraw=False, autoLog=True, closeShape=True, contrast=1.0, depth=-1.0, fillColor=array([1., 1., 1.]), fillColorSpace='rgb', interpolate=True, lineColor=array([1., 1., 1.]), lineColorSpace='rgb', lineWidth=0.0001, name='fixation_cross', opacity=1.0, ori=array(0.), pos=array([0., 0.]), size=array([0.04, 0.04]), units='height', vertices=ndarray(...), win=Window(...), windingRule=None)
10.7209 	EXP 	Created pos_image = ImageStim(__class__=<class 'psychopy.visual.image.ImageStim'>, autoLog=True, color=array([1., 1., 1.]), colorSpace='rgb', contrast=1.0, depth=-2.0, flipHoriz=False, flipVert=False, image='sin', interpolate=True, mask=None, maskParams=None, name='pos_image', opacity=1.0, ori=0.0, pos=array([0., 0.]), size=array([0.5, 0.5]), texRes=128, units='height', win=Window(...))
10.7477 	EXP 	Created text = TextStim(__class__=<class 'psychopy.visual.text.TextStim'>, alignHoriz=method-wrapper(...), alignText='center', alignVert=method-wrapper(...), anchorHoriz='center', anchorVert='center', antialias=True, autoLog=True, bold=False, color='white', colorSpace='named', contrast=1.0, depth=0.0, flipHoriz=False, flipVert=False, font='Arial', fontFiles=[], height=0.1, italic=False, languageStyle='LTR', name='text', opacity=1.0, ori=0, pos=array([0., 0.]), rgb=array([255., 255., 255.]), text=str(...), units='height', win=Window(...), wrapWidth=1)
10.7497 	EXP 	Created fixation_cross_2 = ShapeStim(__class__=<class 'psychopy.visual.shape.ShapeStim'>, autoDraw=False, autoLog=True, closeShape=True, contrast=1.0, depth=-1.0, fillColor=array([1., 1., 1.]), fillColorSpace='rgb', interpolate=True, lineColor=array([1., 1., 1.]), lineColorSpace='rgb', lineWidth=0.0001, name='fixation_cross_2', opacity=1.0, ori=array(0.), pos=array([0., 0.]), size=array([0.04, 0.04]), units='height', vertices=ndarray(...), win=Window(...), windingRule=None)
10.7526 	EXP 	Created pos_image_2 = ImageStim(__class__=<class 'psychopy.visual.image.ImageStim'>, autoLog=True, color=array([1., 1., 1.]), colorSpace='rgb', contrast=1.0, depth=-2.0, flipHoriz=False, flipVert=False, image='sin', interpolate=True, mask=None, maskParams=None, name='pos_image_2', opacity=1.0, ori=0.0, pos=array([0., 0.]), size=array([0.5, 0.5]), texRes=128, units='height', win=Window(...))
10.7778 	EXP 	Created text_2 = TextStim(__class__=<class 'psychopy.visual.text.TextStim'>, alignHoriz=method-wrapper(...), alignText='center', alignVert=method-wrapper(...), anchorHoriz='center', anchorVert='center', antialias=True, autoLog=True, bold=False, color='white', colorSpace='named', contrast=1.0, depth=0.0, flipHoriz=False, flipVert=False, font='Arial', fontFiles=[], height=0.1, italic=False, languageStyle='LTR', name='text_2', opacity=1.0, ori=0, pos=array([0., 0.]), rgb=array([255., 255., 255.]), text=str(...), units='height', win=Window(...), wrapWidth=1)
10.8168 	EXP 	intro_text: autoDraw = True
11.8608 	EXP 	Imported A.xlsx as conditions, 3 conditions, 1 params
11.8613 	EXP 	Created sequence: random, trialTypes=3, nReps=1, seed=None
11.8616 	EXP 	New trial (rep=0, index=0): OrderedDict([('image', 'stimuli\\primes_pos\\image_3.jpg')])
12.0519 	DATA 	Keypress: k
12.0610 	EXP 	intro_text: autoDraw = False
12.0610 	EXP 	pos_image: size = array([2.84444444, 1.77777778])
12.0610 	EXP 	pos_image: image = 'stimuli\\primes_pos\\image_3.jpg'
12.0610 	EXP 	fixation_cross: autoDraw = True
13.5751 	EXP 	fixation_cross: autoDraw = False
13.5751 	EXP 	pos_image: autoDraw = True
24.8297 	EXP 	New trial (rep=0, index=1): OrderedDict([('image', 'stimuli\\primes_pos\\image_1.jpg')])
24.9609 	EXP 	fixation_cross: autoDraw = False
24.9609 	EXP 	pos_image: autoDraw = False
24.9609 	EXP 	pos_image: size = array([2.84444444, 1.77777778])
24.9609 	EXP 	pos_image: image = 'stimuli\\primes_pos\\image_1.jpg'
24.9609 	EXP 	fixation_cross: autoDraw = True
26.4482 	EXP 	pos_image: autoDraw = True
26.4673 	EXP 	fixation_cross: autoDraw = False
37.8369 	EXP 	New trial (rep=0, index=2): OrderedDict([('image', 'stimuli\\primes_pos\\image_2.jpg')])
38.0566 	EXP 	fixation_cross: autoDraw = False
38.0566 	EXP 	pos_image: autoDraw = False
38.0566 	EXP 	pos_image: size = array([2.84444444, 1.77777778])
38.0566 	EXP 	pos_image: image = 'stimuli\\primes_pos\\image_2.jpg'
38.0566 	EXP 	fixation_cross: autoDraw = True
39.5493 	EXP 	pos_image: autoDraw = True
39.5708 	EXP 	fixation_cross: autoDraw = False
50.8656 	EXP 	fixation_cross: autoDraw = False
50.8656 	EXP 	pos_image: autoDraw = False
50.8656 	EXP 	text: autoDraw = True
52.7727 	EXP 	window1: mouseVisible = True
