1.9129 	WARNING 	We strongly recommend you activate the PTB sound engine in PsychoPy prefs as the preferred audio engine. Its timing is vastly superior. Your prefs are currently set to use ['sounddevice', 'PTB', 'pyo', 'pygame'] (in that order).
6.5008 	WARNING 	User requested fullscreen with size [1024  768], but screen is actually [1600, 900]. Using actual size
8.3042 	EXP 	Created window1 = Window(allowGUI=False, allowStencil=False, args=UNKNOWN, autoLog=True, bitsMode=UNKNOWN, blendMode='avg', bpc=(8, 8, 8), color=array([0., 0., 0.]), colorSpace='rgb', depthBits=8, fullscr=<method-wrapper '__getattribute__' of attributeSetter object at 0x000001F250BA0B38>, gamma=None, gammaErrorPolicy='raise', kwargs=UNKNOWN, lms=UNKNOWN, monitor=<psychopy.monitors.calibTools.Monitor object at 0x000001F250802860>, multiSample=False, name='window1', numSamples=2, pos=[0.0, 0.0], screen=0, size=array([1600,  900]), stencilBits=0, stereo=False, units='height', useFBO=True, useRetina=False, viewOri=0.0, viewPos=None, viewScale=None, waitBlanking=True, winType='pyglet')
8.3043 	EXP 	window1: recordFrameIntervals = False
8.4740 	EXP 	window1: recordFrameIntervals = True
8.8030 	EXP 	window1: recordFrameIntervals = False
9.2118 	EXP 	Created intro_text = TextStim(__class__=<class 'psychopy.visual.text.TextStim'>, alignHoriz=method-wrapper(...), alignText='center', alignVert=method-wrapper(...), anchorHoriz='center', anchorVert='center', antialias=True, autoLog=True, bold=False, color='white', colorSpace='named', contrast=1.0, depth=0.0, flipHoriz=False, flipVert=False, font='Arial', fontFiles=[], height=0.1, italic=False, languageStyle='LTR', name='intro_text', opacity=1.0, ori=0, pos=array([0., 0.]), rgb=array([255., 255., 255.]), text=str(...), units='height', win=Window(...), wrapWidth=1)
9.2155 	EXP 	Created fixation_cross = ShapeStim(__class__=<class 'psychopy.visual.shape.ShapeStim'>, autoDraw=False, autoLog=True, closeShape=True, contrast=1.0, depth=-1.0, fillColor=array([1., 1., 1.]), fillColorSpace='rgb', interpolate=True, lineColor=array([1., 1., 1.]), lineColorSpace='rgb', lineWidth=0.0001, name='fixation_cross', opacity=1.0, ori=array(0.), pos=array([0., 0.]), size=array([0.04, 0.04]), units='height', vertices=ndarray(...), win=Window(...), windingRule=None)
9.2212 	EXP 	Created pos_image = ImageStim(__class__=<class 'psychopy.visual.image.ImageStim'>, autoLog=True, color=array([1., 1., 1.]), colorSpace='rgb', contrast=1.0, depth=-2.0, flipHoriz=False, flipVert=False, image='sin', interpolate=True, mask=None, maskParams=None, name='pos_image', opacity=1.0, ori=0.0, pos=array([0., 0.]), size=array([0.5, 0.5]), texRes=128, units='height', win=Window(...))
9.2242 	EXP 	Created fixation_cross_2 = ShapeStim(__class__=<class 'psychopy.visual.shape.ShapeStim'>, autoDraw=False, autoLog=True, closeShape=True, contrast=1.0, depth=-1.0, fillColor=array([1., 1., 1.]), fillColorSpace='rgb', interpolate=True, lineColor=array([1., 1., 1.]), lineColorSpace='rgb', lineWidth=0.0001, name='fixation_cross_2', opacity=1.0, ori=array(0.), pos=array([0., 0.]), size=array([0.04, 0.04]), units='height', vertices=ndarray(...), win=Window(...), windingRule=None)
9.2275 	EXP 	Created pos_image_2 = ImageStim(__class__=<class 'psychopy.visual.image.ImageStim'>, autoLog=True, color=array([1., 1., 1.]), colorSpace='rgb', contrast=1.0, depth=-2.0, flipHoriz=False, flipVert=False, image='sin', interpolate=True, mask=None, maskParams=None, name='pos_image_2', opacity=1.0, ori=0.0, pos=array([0., 0.]), size=array([0.5, 0.5]), texRes=128, units='height', win=Window(...))
9.2634 	EXP 	Created text_2 = TextStim(__class__=<class 'psychopy.visual.text.TextStim'>, alignHoriz=method-wrapper(...), alignText='center', alignVert=method-wrapper(...), anchorHoriz='center', anchorVert='center', antialias=True, autoLog=True, bold=False, color='white', colorSpace='named', contrast=1.0, depth=0.0, flipHoriz=False, flipVert=False, font='Arial', fontFiles=[], height=0.1, italic=False, languageStyle='LTR', name='text_2', opacity=1.0, ori=0, pos=array([0., 0.]), rgb=array([255., 255., 255.]), text=str(...), units='height', win=Window(...), wrapWidth=1)
9.3016 	EXP 	intro_text: autoDraw = True
12.1872 	EXP 	Imported condition.xlsx as conditions, 2 conditions, 2 params
12.1876 	EXP 	Created sequence: random, trialTypes=2, nReps=1, seed=None
12.1880 	EXP 	New trial (rep=0, index=0): OrderedDict([('n_pos', 2), ('n_neg', 0)])
12.1886 	EXP 	Created sequence: random, trialTypes=1, nReps=2, seed=None
12.1889 	EXP 	New trial (rep=0, index=0): None
12.4100 	DATA 	Keypress: d
12.4191 	EXP 	intro_text: autoDraw = False
12.4191 	EXP 	pos_image: size = array([2.84444444, 1.77777778])
12.4191 	EXP 	pos_image: image = 'D:\\Documents\\MSc\\sleepysleepy\\programming_group\\priming-session\\stimuli\\primes_pos\\image_13.jpg'
12.4191 	EXP 	fixation_cross: autoDraw = True
13.9332 	EXP 	pos_image: autoDraw = True
13.9564 	EXP 	fixation_cross: autoDraw = False
25.1287 	EXP 	New trial (rep=1, index=0): None
25.3266 	EXP 	fixation_cross: autoDraw = False
25.3266 	EXP 	pos_image: autoDraw = False
25.3266 	EXP 	pos_image: size = array([2.84444444, 1.77777778])
25.3266 	EXP 	pos_image: image = 'D:\\Documents\\MSc\\sleepysleepy\\programming_group\\priming-session\\stimuli\\primes_pos\\image_1.jpg'
25.3266 	EXP 	fixation_cross: autoDraw = True
26.8037 	EXP 	pos_image: autoDraw = True
26.8482 	EXP 	fixation_cross: autoDraw = False
38.1444 	EXP 	Created sequence: random, trialTypes=1, nReps=0, seed=None
38.1453 	EXP 	New trial (rep=0, index=1): OrderedDict([('n_pos', 0), ('n_neg', 2)])
38.1463 	EXP 	Created sequence: random, trialTypes=1, nReps=0, seed=None
38.1474 	EXP 	Created sequence: random, trialTypes=1, nReps=2, seed=None
38.1481 	EXP 	New trial (rep=0, index=0): None
38.4754 	EXP 	fixation_cross: autoDraw = False
38.4754 	EXP 	pos_image: autoDraw = False
38.4754 	EXP 	pos_image_2: size = array([2.84444444, 1.77777778])
38.4754 	EXP 	pos_image_2: image = 'D:\\Documents\\MSc\\sleepysleepy\\programming_group\\priming-session\\stimuli\\primes_neg\\image_10.jpg'
38.4754 	EXP 	fixation_cross_2: autoDraw = True
39.9777 	EXP 	pos_image_2: autoDraw = True
39.9998 	EXP 	fixation_cross_2: autoDraw = False
51.1414 	EXP 	New trial (rep=1, index=0): None
51.3488 	EXP 	fixation_cross_2: autoDraw = False
51.3488 	EXP 	pos_image_2: autoDraw = False
51.3488 	EXP 	pos_image_2: size = array([2.84444444, 1.77777778])
51.3488 	EXP 	pos_image_2: image = 'D:\\Documents\\MSc\\sleepysleepy\\programming_group\\priming-session\\stimuli\\primes_neg\\image_2.jpg'
51.3488 	EXP 	fixation_cross_2: autoDraw = True
52.8545 	EXP 	pos_image_2: autoDraw = True
52.8737 	EXP 	fixation_cross_2: autoDraw = False
64.1606 	EXP 	fixation_cross_2: autoDraw = False
64.1606 	EXP 	pos_image_2: autoDraw = False
64.1606 	EXP 	text_2: autoDraw = True
67.7584 	DATA 	Keypress: space
67.7748 	EXP 	text_2: autoDraw = False
68.3385 	EXP 	window1: mouseVisible = True
