1.8287 	WARNING 	We strongly recommend you activate the PTB sound engine in PsychoPy prefs as the preferred audio engine. Its timing is vastly superior. Your prefs are currently set to use ['sounddevice', 'PTB', 'pyo', 'pygame'] (in that order).
16.5069 	EXP 	Created window1 = Window(allowGUI=False, allowStencil=False, args=UNKNOWN, autoLog=True, bitsMode=UNKNOWN, blendMode='avg', bpc=(8, 8, 8), color=array([0., 0., 0.]), colorSpace='rgb', depthBits=8, fullscr=<method-wrapper '__getattribute__' of attributeSetter object at 0x00000222A568DA90>, gamma=None, gammaErrorPolicy='raise', kwargs=UNKNOWN, lms=UNKNOWN, monitor=<psychopy.monitors.calibTools.Monitor object at 0x00000222A555BAC8>, multiSample=False, name='window1', numSamples=2, pos=[0.0, 0.0], screen=0, size=array([1600,  900]), stencilBits=0, stereo=False, units='height', useFBO=True, useRetina=False, viewOri=0.0, viewPos=None, viewScale=None, waitBlanking=True, winType='pyglet')
16.5070 	EXP 	window1: recordFrameIntervals = False
16.6729 	EXP 	window1: recordFrameIntervals = True
16.8553 	EXP 	window1: recordFrameIntervals = False
17.3148 	EXP 	Created intro_text = TextStim(__class__=<class 'psychopy.visual.text.TextStim'>, alignHoriz=method-wrapper(...), alignText='center', alignVert=method-wrapper(...), anchorHoriz='center', anchorVert='center', antialias=True, autoLog=True, bold=False, color='white', colorSpace='named', contrast=1.0, depth=0.0, flipHoriz=False, flipVert=False, font='Arial', fontFiles=[], height=0.1, italic=False, languageStyle='LTR', name='intro_text', opacity=1.0, ori=0, pos=array([0., 0.]), rgb=array([255., 255., 255.]), text=str(...), units='height', win=Window(...), wrapWidth=1)
17.3186 	EXP 	Created fixation_cross = ShapeStim(__class__=<class 'psychopy.visual.shape.ShapeStim'>, autoDraw=False, autoLog=True, closeShape=True, contrast=1.0, depth=-1.0, fillColor=array([1., 1., 1.]), fillColorSpace='rgb', interpolate=True, lineColor=array([1., 1., 1.]), lineColorSpace='rgb', lineWidth=0.0001, name='fixation_cross', opacity=1.0, ori=array(0.), pos=array([0., 0.]), size=array([0.04, 0.04]), units='height', vertices=ndarray(...), win=Window(...), windingRule=None)
17.3236 	EXP 	Created pos_image = ImageStim(__class__=<class 'psychopy.visual.image.ImageStim'>, autoLog=True, color=array([1., 1., 1.]), colorSpace='rgb', contrast=1.0, depth=-2.0, flipHoriz=False, flipVert=False, image='sin', interpolate=True, mask=None, maskParams=None, name='pos_image', opacity=1.0, ori=0.0, pos=array([0., 0.]), size=array([0.5, 0.5]), texRes=128, units='height', win=Window(...))
17.3728 	EXP 	Created text = TextStim(__class__=<class 'psychopy.visual.text.TextStim'>, alignHoriz=method-wrapper(...), alignText='center', alignVert=method-wrapper(...), anchorHoriz='center', anchorVert='center', antialias=True, autoLog=True, bold=False, color='white', colorSpace='named', contrast=1.0, depth=0.0, flipHoriz=False, flipVert=False, font='Arial', fontFiles=[], height=0.1, italic=False, languageStyle='LTR', name='text', opacity=1.0, ori=0, pos=array([0., 0.]), rgb=array([255., 255., 255.]), text='WE WERE ON A BREAK!', units='height', win=Window(...), wrapWidth=1)
17.3752 	EXP 	Created fixation_cross_2 = ShapeStim(__class__=<class 'psychopy.visual.shape.ShapeStim'>, autoDraw=False, autoLog=True, closeShape=True, contrast=1.0, depth=-1.0, fillColor=array([1., 1., 1.]), fillColorSpace='rgb', interpolate=True, lineColor=array([1., 1., 1.]), lineColorSpace='rgb', lineWidth=0.0001, name='fixation_cross_2', opacity=1.0, ori=array(0.), pos=array([0., 0.]), size=array([0.04, 0.04]), units='height', vertices=ndarray(...), win=Window(...), windingRule=None)
17.3785 	EXP 	Created pos_image_2 = ImageStim(__class__=<class 'psychopy.visual.image.ImageStim'>, autoLog=True, color=array([1., 1., 1.]), colorSpace='rgb', contrast=1.0, depth=-2.0, flipHoriz=False, flipVert=False, image='sin', interpolate=True, mask=None, maskParams=None, name='pos_image_2', opacity=1.0, ori=0.0, pos=array([0., 0.]), size=array([0.5, 0.5]), texRes=128, units='height', win=Window(...))
17.4160 	EXP 	Created text_2 = TextStim(__class__=<class 'psychopy.visual.text.TextStim'>, alignHoriz=method-wrapper(...), alignText='center', alignVert=method-wrapper(...), anchorHoriz='center', anchorVert='center', antialias=True, autoLog=True, bold=False, color='white', colorSpace='named', contrast=1.0, depth=0.0, flipHoriz=False, flipVert=False, font='Arial', fontFiles=[], height=0.1, italic=False, languageStyle='LTR', name='text_2', opacity=1.0, ori=0, pos=array([0., 0.]), rgb=array([255., 255., 255.]), text=str(...), units='height', win=Window(...), wrapWidth=1)
17.4586 	EXP 	intro_text: autoDraw = True
18.8837 	EXP 	Imported condition.xlsx as conditions, 2 conditions, 2 params
18.8842 	EXP 	Created sequence: random, trialTypes=2, nReps=1, seed=None
18.8847 	EXP 	New trial (rep=0, index=0): OrderedDict([('n_pos', 2), ('n_neg', 0)])
18.8854 	EXP 	Created sequence: random, trialTypes=1, nReps=2, seed=None
18.8857 	EXP 	New trial (rep=0, index=0): None
19.1555 	DATA 	Keypress: k
19.1653 	EXP 	intro_text: autoDraw = False
19.1653 	EXP 	pos_image: size = array([2.84444444, 1.77777778])
19.1653 	EXP 	pos_image: image = 'D:\\Documents\\MSc\\sleepysleepy\\programming_group\\priming-session\\stimuli\\primes_pos\\image_6.jpg'
19.1653 	EXP 	fixation_cross: autoDraw = True
20.6713 	EXP 	pos_image: autoDraw = True
20.6922 	EXP 	fixation_cross: autoDraw = False
31.8229 	EXP 	New trial (rep=1, index=0): None
32.1667 	EXP 	fixation_cross: autoDraw = False
32.1667 	EXP 	pos_image: autoDraw = False
32.1667 	EXP 	pos_image: size = array([2.84444444, 1.77777778])
32.1667 	EXP 	pos_image: image = 'D:\\Documents\\MSc\\sleepysleepy\\programming_group\\priming-session\\stimuli\\primes_pos\\image_4.jpg'
32.1667 	EXP 	fixation_cross: autoDraw = True
33.6642 	EXP 	pos_image: autoDraw = True
33.6848 	EXP 	fixation_cross: autoDraw = False
44.8608 	EXP 	fixation_cross: autoDraw = False
44.8608 	EXP 	pos_image: autoDraw = False
44.8608 	EXP 	text: autoDraw = True
57.9524 	EXP 	Created sequence: random, trialTypes=1, nReps=0, seed=None
57.9527 	EXP 	New trial (rep=0, index=1): OrderedDict([('n_pos', 0), ('n_neg', 2)])
57.9531 	EXP 	Created sequence: random, trialTypes=1, nReps=0, seed=None
57.9593 	DATA 	Keypress: x
57.9673 	EXP 	text: autoDraw = False
57.9673 	EXP 	text: autoDraw = True
58.9842 	EXP 	Created sequence: random, trialTypes=1, nReps=2, seed=None
58.9847 	EXP 	New trial (rep=0, index=0): None
59.1912 	DATA 	Keypress: s
59.2008 	EXP 	text: autoDraw = False
59.2008 	EXP 	pos_image_2: size = array([2.84444444, 1.77777778])
59.2008 	EXP 	pos_image_2: image = 'D:\\Documents\\MSc\\sleepysleepy\\programming_group\\priming-session\\stimuli\\primes_neg\\image_3.jpg'
59.2008 	EXP 	fixation_cross_2: autoDraw = True
60.7144 	EXP 	pos_image_2: autoDraw = True
60.7356 	EXP 	fixation_cross_2: autoDraw = False
72.0089 	EXP 	New trial (rep=1, index=0): None
72.3848 	EXP 	fixation_cross_2: autoDraw = False
72.3848 	EXP 	pos_image_2: autoDraw = False
72.3848 	EXP 	pos_image_2: size = array([2.84444444, 1.77777778])
72.3848 	EXP 	pos_image_2: image = 'D:\\Documents\\MSc\\sleepysleepy\\programming_group\\priming-session\\stimuli\\primes_neg\\image_2.jpg'
72.3848 	EXP 	fixation_cross_2: autoDraw = True
73.8721 	EXP 	pos_image_2: autoDraw = True
73.8898 	EXP 	fixation_cross_2: autoDraw = False
74.7674 	DATA 	Keypress: escape
75.6041 	EXP 	window1: mouseVisible = True
