1.3204 	WARNING 	We strongly recommend you activate the PTB sound engine in PsychoPy prefs as the preferred audio engine. Its timing is vastly superior. Your prefs are currently set to use ['sounddevice', 'PTB', 'pyo', 'pygame'] (in that order).
6.8323 	WARNING 	User requested fullscreen with size [1024  768], but screen is actually [1600, 900]. Using actual size
8.0464 	EXP 	Created window1 = Window(allowGUI=False, allowStencil=False, args=UNKNOWN, autoLog=True, bitsMode=UNKNOWN, blendMode='avg', bpc=(8, 8, 8), color=array([0., 0., 0.]), colorSpace='rgb', depthBits=8, fullscr=<method-wrapper '__getattribute__' of attributeSetter object at 0x0000022348027400>, gamma=None, gammaErrorPolicy='raise', kwargs=UNKNOWN, lms=UNKNOWN, monitor=<psychopy.monitors.calibTools.Monitor object at 0x0000022347EFB128>, multiSample=False, name='window1', numSamples=2, pos=[0.0, 0.0], screen=0, size=array([1600,  900]), stencilBits=0, stereo=False, units='height', useFBO=True, useRetina=False, viewOri=0.0, viewPos=None, viewScale=None, waitBlanking=True, winType='pyglet')
8.0464 	EXP 	window1: recordFrameIntervals = False
8.2124 	EXP 	window1: recordFrameIntervals = True
8.3958 	EXP 	window1: recordFrameIntervals = False
8.6793 	EXP 	Created intro_text = TextStim(__class__=<class 'psychopy.visual.text.TextStim'>, alignHoriz=method-wrapper(...), alignText='center', alignVert=method-wrapper(...), anchorHoriz='center', anchorVert='center', antialias=True, autoLog=True, bold=False, color='white', colorSpace='named', contrast=1.0, depth=0.0, flipHoriz=False, flipVert=False, font='Arial', fontFiles=[], height=0.1, italic=False, languageStyle='LTR', name='intro_text', opacity=1.0, ori=0, pos=array([0., 0.]), rgb=array([255., 255., 255.]), text=str(...), units='height', win=Window(...), wrapWidth=1)
8.6813 	EXP 	Created fixation_cross = ShapeStim(__class__=<class 'psychopy.visual.shape.ShapeStim'>, autoDraw=False, autoLog=True, closeShape=True, contrast=1.0, depth=0.0, fillColor=array([1., 1., 1.]), fillColorSpace='rgb', interpolate=True, lineColor=array([1., 1., 1.]), lineColorSpace='rgb', lineWidth=0.0001, name='fixation_cross', opacity=1.0, ori=array(0.), pos=array([0., 0.]), size=array([0.04, 0.04]), units='height', vertices=ndarray(...), win=Window(...), windingRule=None)
8.8452 	EXP 	Created pos_image = ImageStim(__class__=<class 'psychopy.visual.image.ImageStim'>, autoLog=True, color=array([1., 1., 1.]), colorSpace='rgb', contrast=1.0, depth=-1.0, flipHoriz=False, flipVert=False, image=str(...), interpolate=True, mask=None, maskParams=None, name='pos_image', opacity=1.0, ori=0.0, pos=array([0., 0.]), size=array([2.84444444, 1.77777778]), texRes=128, units='height', win=Window(...))
8.8817 	EXP 	intro_text: autoDraw = True
10.1090 	EXP 	Created sequence: random, trialTypes=1, nReps=31, seed=None
10.1095 	EXP 	New trial (rep=0, index=0): None
10.1126 	DATA 	Keypress: space
10.1361 	EXP 	intro_text: autoDraw = False
10.1361 	EXP 	fixation_cross: autoDraw = True
10.6640 	DATA 	Keypress: space
11.6250 	EXP 	pos_image: autoDraw = True
11.6425 	EXP 	fixation_cross: autoDraw = False
23.1160 	EXP 	New trial (rep=1, index=0): None
23.1288 	EXP 	fixation_cross: autoDraw = False
23.1288 	EXP 	pos_image: autoDraw = False
23.1288 	EXP 	fixation_cross: autoDraw = True
24.6124 	EXP 	pos_image: autoDraw = True
24.6328 	EXP 	fixation_cross: autoDraw = False
27.7061 	DATA 	Keypress: escape
28.1008 	EXP 	window1: mouseVisible = True
